<?xml version="1.0" encoding="UTF-8"?>
<testsuite xmlns:xsi="http://www.w3.org/2001/XMLSchema-instance" xsi:noNamespaceSchemaLocation="https://maven.apache.org/surefire/maven-failsafe-plugin/xsd/failsafe-test-report-3.0.xsd" version="3.0" name="com.phildev.pcs.integration.TradeIT" time="0.269" tests="11" errors="0" skipped="0" failures="0">
  <properties>
    <property name="java.specification.version" value="21"/>
    <property name="sun.cpu.isalist" value="amd64"/>
    <property name="sun.jnu.encoding" value="Cp1252"/>
    <property name="java.class.path" value="C:\Users\B294LQ\OneDrive - AXA\Desktop\Formation Java\Projet 7\PCS-PM\Poseidon-PM\target\test-classes;C:\Users\B294LQ\OneDrive - AXA\Desktop\Formation Java\Projet 7\PCS-PM\Poseidon-PM\target\classes;C:\Users\B294LQ\.m2\repository\org\springframework\boot\spring-boot-starter-data-jpa\3.2.4\spring-boot-starter-data-jpa-3.2.4.jar;C:\Users\B294LQ\.m2\repository\org\springframework\boot\spring-boot-starter-aop\3.2.4\spring-boot-starter-aop-3.2.4.jar;C:\Users\B294LQ\.m2\repository\org\aspectj\aspectjweaver\1.9.21\aspectjweaver-1.9.21.jar;C:\Users\B294LQ\.m2\repository\org\springframework\boot\spring-boot-starter-jdbc\3.2.4\spring-boot-starter-jdbc-3.2.4.jar;C:\Users\B294LQ\.m2\repository\com\zaxxer\HikariCP\5.0.1\HikariCP-5.0.1.jar;C:\Users\B294LQ\.m2\repository\org\springframework\spring-jdbc\6.1.5\spring-jdbc-6.1.5.jar;C:\Users\B294LQ\.m2\repository\org\hibernate\orm\hibernate-core\6.4.4.Final\hibernate-core-6.4.4.Final.jar;C:\Users\B294LQ\.m2\repository\jakarta\persistence\jakarta.persistence-api\3.1.0\jakarta.persistence-api-3.1.0.jar;C:\Users\B294LQ\.m2\repository\jakarta\transaction\jakarta.transaction-api\2.0.1\jakarta.transaction-api-2.0.1.jar;C:\Users\B294LQ\.m2\repository\org\jboss\logging\jboss-logging\3.5.3.Final\jboss-logging-3.5.3.Final.jar;C:\Users\B294LQ\.m2\repository\org\hibernate\common\hibernate-commons-annotations\6.0.6.Final\hibernate-commons-annotations-6.0.6.Final.jar;C:\Users\B294LQ\.m2\repository\io\smallrye\jandex\3.1.2\jandex-3.1.2.jar;C:\Users\B294LQ\.m2\repository\com\fasterxml\classmate\1.6.0\classmate-1.6.0.jar;C:\Users\B294LQ\.m2\repository\net\bytebuddy\byte-buddy\1.14.12\byte-buddy-1.14.12.jar;C:\Users\B294LQ\.m2\repository\org\glassfish\jaxb\jaxb-runtime\4.0.5\jaxb-runtime-4.0.5.jar;C:\Users\B294LQ\.m2\repository\org\glassfish\jaxb\jaxb-core\4.0.5\jaxb-core-4.0.5.jar;C:\Users\B294LQ\.m2\repository\org\eclipse\angus\angus-activation\2.0.2\angus-activation-2.0.2.jar;C:\Users\B294LQ\.m2\repository\org\glassfish\jaxb\txw2\4.0.5\txw2-4.0.5.jar;C:\Users\B294LQ\.m2\repository\com\sun\istack\istack-commons-runtime\4.1.2\istack-commons-runtime-4.1.2.jar;C:\Users\B294LQ\.m2\repository\jakarta\inject\jakarta.inject-api\2.0.1\jakarta.inject-api-2.0.1.jar;C:\Users\B294LQ\.m2\repository\org\antlr\antlr4-runtime\4.13.0\antlr4-runtime-4.13.0.jar;C:\Users\B294LQ\.m2\repository\org\springframework\data\spring-data-jpa\3.2.4\spring-data-jpa-3.2.4.jar;C:\Users\B294LQ\.m2\repository\org\springframework\data\spring-data-commons\3.2.4\spring-data-commons-3.2.4.jar;C:\Users\B294LQ\.m2\repository\org\springframework\spring-orm\6.1.5\spring-orm-6.1.5.jar;C:\Users\B294LQ\.m2\repository\org\springframework\spring-context\6.1.5\spring-context-6.1.5.jar;C:\Users\B294LQ\.m2\repository\org\springframework\spring-tx\6.1.5\spring-tx-6.1.5.jar;C:\Users\B294LQ\.m2\repository\org\springframework\spring-beans\6.1.5\spring-beans-6.1.5.jar;C:\Users\B294LQ\.m2\repository\jakarta\annotation\jakarta.annotation-api\2.1.1\jakarta.annotation-api-2.1.1.jar;C:\Users\B294LQ\.m2\repository\org\springframework\spring-aspects\6.1.5\spring-aspects-6.1.5.jar;C:\Users\B294LQ\.m2\repository\org\springframework\boot\spring-boot-starter-security\3.2.4\spring-boot-starter-security-3.2.4.jar;C:\Users\B294LQ\.m2\repository\org\springframework\boot\spring-boot-starter\3.2.4\spring-boot-starter-3.2.4.jar;C:\Users\B294LQ\.m2\repository\org\springframework\boot\spring-boot-starter-logging\3.2.4\spring-boot-starter-logging-3.2.4.jar;C:\Users\B294LQ\.m2\repository\ch\qos\logback\logback-classic\1.4.14\logback-classic-1.4.14.jar;C:\Users\B294LQ\.m2\repository\ch\qos\logback\logback-core\1.4.14\logback-core-1.4.14.jar;C:\Users\B294LQ\.m2\repository\org\apache\logging\log4j\log4j-to-slf4j\2.21.1\log4j-to-slf4j-2.21.1.jar;C:\Users\B294LQ\.m2\repository\org\apache\logging\log4j\log4j-api\2.21.1\log4j-api-2.21.1.jar;C:\Users\B294LQ\.m2\repository\org\slf4j\jul-to-slf4j\2.0.12\jul-to-slf4j-2.0.12.jar;C:\Users\B294LQ\.m2\repository\org\yaml\snakeyaml\2.2\snakeyaml-2.2.jar;C:\Users\B294LQ\.m2\repository\org\springframework\spring-aop\6.1.5\spring-aop-6.1.5.jar;C:\Users\B294LQ\.m2\repository\org\springframework\security\spring-security-config\6.2.3\spring-security-config-6.2.3.jar;C:\Users\B294LQ\.m2\repository\org\springframework\security\spring-security-web\6.2.3\spring-security-web-6.2.3.jar;C:\Users\B294LQ\.m2\repository\org\springframework\spring-expression\6.1.5\spring-expression-6.1.5.jar;C:\Users\B294LQ\.m2\repository\org\springframework\boot\spring-boot-starter-thymeleaf\3.2.4\spring-boot-starter-thymeleaf-3.2.4.jar;C:\Users\B294LQ\.m2\repository\org\thymeleaf\thymeleaf-spring6\3.1.2.RELEASE\thymeleaf-spring6-3.1.2.RELEASE.jar;C:\Users\B294LQ\.m2\repository\org\thymeleaf\thymeleaf\3.1.2.RELEASE\thymeleaf-3.1.2.RELEASE.jar;C:\Users\B294LQ\.m2\repository\org\attoparser\attoparser\2.0.7.RELEASE\attoparser-2.0.7.RELEASE.jar;C:\Users\B294LQ\.m2\repository\org\unbescape\unbescape\1.1.6.RELEASE\unbescape-1.1.6.RELEASE.jar;C:\Users\B294LQ\.m2\repository\org\springframework\boot\spring-boot-starter-validation\3.2.4\spring-boot-starter-validation-3.2.4.jar;C:\Users\B294LQ\.m2\repository\org\apache\tomcat\embed\tomcat-embed-el\10.1.19\tomcat-embed-el-10.1.19.jar;C:\Users\B294LQ\.m2\repository\org\hibernate\validator\hibernate-validator\8.0.1.Final\hibernate-validator-8.0.1.Final.jar;C:\Users\B294LQ\.m2\repository\jakarta\validation\jakarta.validation-api\3.0.2\jakarta.validation-api-3.0.2.jar;C:\Users\B294LQ\.m2\repository\org\springframework\boot\spring-boot-starter-web\3.2.4\spring-boot-starter-web-3.2.4.jar;C:\Users\B294LQ\.m2\repository\org\springframework\boot\spring-boot-starter-json\3.2.4\spring-boot-starter-json-3.2.4.jar;C:\Users\B294LQ\.m2\repository\com\fasterxml\jackson\core\jackson-databind\2.15.4\jackson-databind-2.15.4.jar;C:\Users\B294LQ\.m2\repository\com\fasterxml\jackson\core\jackson-annotations\2.15.4\jackson-annotations-2.15.4.jar;C:\Users\B294LQ\.m2\repository\com\fasterxml\jackson\core\jackson-core\2.15.4\jackson-core-2.15.4.jar;C:\Users\B294LQ\.m2\repository\com\fasterxml\jackson\datatype\jackson-datatype-jdk8\2.15.4\jackson-datatype-jdk8-2.15.4.jar;C:\Users\B294LQ\.m2\repository\com\fasterxml\jackson\datatype\jackson-datatype-jsr310\2.15.4\jackson-datatype-jsr310-2.15.4.jar;C:\Users\B294LQ\.m2\repository\com\fasterxml\jackson\module\jackson-module-parameter-names\2.15.4\jackson-module-parameter-names-2.15.4.jar;C:\Users\B294LQ\.m2\repository\org\springframework\boot\spring-boot-starter-tomcat\3.2.4\spring-boot-starter-tomcat-3.2.4.jar;C:\Users\B294LQ\.m2\repository\org\apache\tomcat\embed\tomcat-embed-core\10.1.19\tomcat-embed-core-10.1.19.jar;C:\Users\B294LQ\.m2\repository\org\apache\tomcat\embed\tomcat-embed-websocket\10.1.19\tomcat-embed-websocket-10.1.19.jar;C:\Users\B294LQ\.m2\repository\org\springframework\spring-web\6.1.5\spring-web-6.1.5.jar;C:\Users\B294LQ\.m2\repository\io\micrometer\micrometer-observation\1.12.4\micrometer-observation-1.12.4.jar;C:\Users\B294LQ\.m2\repository\io\micrometer\micrometer-commons\1.12.4\micrometer-commons-1.12.4.jar;C:\Users\B294LQ\.m2\repository\org\springframework\spring-webmvc\6.1.5\spring-webmvc-6.1.5.jar;C:\Users\B294LQ\.m2\repository\org\thymeleaf\extras\thymeleaf-extras-springsecurity6\3.1.2.RELEASE\thymeleaf-extras-springsecurity6-3.1.2.RELEASE.jar;C:\Users\B294LQ\.m2\repository\org\slf4j\slf4j-api\2.0.12\slf4j-api-2.0.12.jar;C:\Users\B294LQ\.m2\repository\org\springframework\boot\spring-boot-devtools\3.2.4\spring-boot-devtools-3.2.4.jar;C:\Users\B294LQ\.m2\repository\org\springframework\boot\spring-boot\3.2.4\spring-boot-3.2.4.jar;C:\Users\B294LQ\.m2\repository\org\springframework\boot\spring-boot-autoconfigure\3.2.4\spring-boot-autoconfigure-3.2.4.jar;C:\Users\B294LQ\.m2\repository\com\mysql\mysql-connector-j\8.3.0\mysql-connector-j-8.3.0.jar;C:\Users\B294LQ\.m2\repository\org\projectlombok\lombok\1.18.30\lombok-1.18.30.jar;C:\Users\B294LQ\.m2\repository\org\springframework\boot\spring-boot-starter-test\3.2.4\spring-boot-starter-test-3.2.4.jar;C:\Users\B294LQ\.m2\repository\org\springframework\boot\spring-boot-test\3.2.4\spring-boot-test-3.2.4.jar;C:\Users\B294LQ\.m2\repository\org\springframework\boot\spring-boot-test-autoconfigure\3.2.4\spring-boot-test-autoconfigure-3.2.4.jar;C:\Users\B294LQ\.m2\repository\com\jayway\jsonpath\json-path\2.9.0\json-path-2.9.0.jar;C:\Users\B294LQ\.m2\repository\jakarta\xml\bind\jakarta.xml.bind-api\4.0.2\jakarta.xml.bind-api-4.0.2.jar;C:\Users\B294LQ\.m2\repository\jakarta\activation\jakarta.activation-api\2.1.3\jakarta.activation-api-2.1.3.jar;C:\Users\B294LQ\.m2\repository\net\minidev\json-smart\2.5.0\json-smart-2.5.0.jar;C:\Users\B294LQ\.m2\repository\net\minidev\accessors-smart\2.5.0\accessors-smart-2.5.0.jar;C:\Users\B294LQ\.m2\repository\org\ow2\asm\asm\9.3\asm-9.3.jar;C:\Users\B294LQ\.m2\repository\org\assertj\assertj-core\3.24.2\assertj-core-3.24.2.jar;C:\Users\B294LQ\.m2\repository\org\awaitility\awaitility\4.2.0\awaitility-4.2.0.jar;C:\Users\B294LQ\.m2\repository\org\hamcrest\hamcrest\2.2\hamcrest-2.2.jar;C:\Users\B294LQ\.m2\repository\org\junit\jupiter\junit-jupiter\5.10.2\junit-jupiter-5.10.2.jar;C:\Users\B294LQ\.m2\repository\org\junit\jupiter\junit-jupiter-api\5.10.2\junit-jupiter-api-5.10.2.jar;C:\Users\B294LQ\.m2\repository\org\opentest4j\opentest4j\1.3.0\opentest4j-1.3.0.jar;C:\Users\B294LQ\.m2\repository\org\junit\platform\junit-platform-commons\1.10.2\junit-platform-commons-1.10.2.jar;C:\Users\B294LQ\.m2\repository\org\apiguardian\apiguardian-api\1.1.2\apiguardian-api-1.1.2.jar;C:\Users\B294LQ\.m2\repository\org\junit\jupiter\junit-jupiter-params\5.10.2\junit-jupiter-params-5.10.2.jar;C:\Users\B294LQ\.m2\repository\org\junit\jupiter\junit-jupiter-engine\5.10.2\junit-jupiter-engine-5.10.2.jar;C:\Users\B294LQ\.m2\repository\org\junit\platform\junit-platform-engine\1.10.2\junit-platform-engine-1.10.2.jar;C:\Users\B294LQ\.m2\repository\org\mockito\mockito-core\5.7.0\mockito-core-5.7.0.jar;C:\Users\B294LQ\.m2\repository\net\bytebuddy\byte-buddy-agent\1.14.12\byte-buddy-agent-1.14.12.jar;C:\Users\B294LQ\.m2\repository\org\objenesis\objenesis\3.3\objenesis-3.3.jar;C:\Users\B294LQ\.m2\repository\org\mockito\mockito-junit-jupiter\5.7.0\mockito-junit-jupiter-5.7.0.jar;C:\Users\B294LQ\.m2\repository\org\skyscreamer\jsonassert\1.5.1\jsonassert-1.5.1.jar;C:\Users\B294LQ\.m2\repository\com\vaadin\external\google\android-json\0.0.20131108.vaadin1\android-json-0.0.20131108.vaadin1.jar;C:\Users\B294LQ\.m2\repository\org\springframework\spring-core\6.1.5\spring-core-6.1.5.jar;C:\Users\B294LQ\.m2\repository\org\springframework\spring-jcl\6.1.5\spring-jcl-6.1.5.jar;C:\Users\B294LQ\.m2\repository\org\springframework\spring-test\6.1.5\spring-test-6.1.5.jar;C:\Users\B294LQ\.m2\repository\org\xmlunit\xmlunit-core\2.9.1\xmlunit-core-2.9.1.jar;C:\Users\B294LQ\.m2\repository\org\springframework\security\spring-security-test\6.2.3\spring-security-test-6.2.3.jar;C:\Users\B294LQ\.m2\repository\org\springframework\security\spring-security-core\6.2.3\spring-security-core-6.2.3.jar;C:\Users\B294LQ\.m2\repository\org\springframework\security\spring-security-crypto\6.2.3\spring-security-crypto-6.2.3.jar;"/>
    <property name="java.vm.vendor" value="Eclipse Adoptium"/>
    <property name="sun.arch.data.model" value="64"/>
    <property name="user.variant" value=""/>
    <property name="java.vendor.url" value="https://adoptium.net/"/>
    <property name="user.timezone" value="Europe/Paris"/>
    <property name="org.jboss.logging.provider" value="slf4j"/>
    <property name="os.name" value="Windows 10"/>
    <property name="java.vm.specification.version" value="21"/>
    <property name="sun.java.launcher" value="SUN_STANDARD"/>
    <property name="user.country" value="FR"/>
    <property name="sun.boot.library.path" value="C:\Program Files\Eclipse Adoptium\jdk-21.0.1.12-hotspot\bin"/>
    <property name="sun.java.command" value="C:\Users\B294LQ\AppData\Local\Temp\surefire17278187068875045689\surefirebooter-20240415173645002_74.jar C:\Users\B294LQ\AppData\Local\Temp\surefire17278187068875045689 2024-04-15T17-36-28_240-jvmRun1 surefire-20240415173645002_72tmp surefire_1-20240415173645002_73tmp"/>
    <property name="jdk.debug" value="release"/>
    <property name="surefire.test.class.path" value="C:\Users\B294LQ\OneDrive - AXA\Desktop\Formation Java\Projet 7\PCS-PM\Poseidon-PM\target\test-classes;C:\Users\B294LQ\OneDrive - AXA\Desktop\Formation Java\Projet 7\PCS-PM\Poseidon-PM\target\classes;C:\Users\B294LQ\.m2\repository\org\springframework\boot\spring-boot-starter-data-jpa\3.2.4\spring-boot-starter-data-jpa-3.2.4.jar;C:\Users\B294LQ\.m2\repository\org\springframework\boot\spring-boot-starter-aop\3.2.4\spring-boot-starter-aop-3.2.4.jar;C:\Users\B294LQ\.m2\repository\org\aspectj\aspectjweaver\1.9.21\aspectjweaver-1.9.21.jar;C:\Users\B294LQ\.m2\repository\org\springframework\boot\spring-boot-starter-jdbc\3.2.4\spring-boot-starter-jdbc-3.2.4.jar;C:\Users\B294LQ\.m2\repository\com\zaxxer\HikariCP\5.0.1\HikariCP-5.0.1.jar;C:\Users\B294LQ\.m2\repository\org\springframework\spring-jdbc\6.1.5\spring-jdbc-6.1.5.jar;C:\Users\B294LQ\.m2\repository\org\hibernate\orm\hibernate-core\6.4.4.Final\hibernate-core-6.4.4.Final.jar;C:\Users\B294LQ\.m2\repository\jakarta\persistence\jakarta.persistence-api\3.1.0\jakarta.persistence-api-3.1.0.jar;C:\Users\B294LQ\.m2\repository\jakarta\transaction\jakarta.transaction-api\2.0.1\jakarta.transaction-api-2.0.1.jar;C:\Users\B294LQ\.m2\repository\org\jboss\logging\jboss-logging\3.5.3.Final\jboss-logging-3.5.3.Final.jar;C:\Users\B294LQ\.m2\repository\org\hibernate\common\hibernate-commons-annotations\6.0.6.Final\hibernate-commons-annotations-6.0.6.Final.jar;C:\Users\B294LQ\.m2\repository\io\smallrye\jandex\3.1.2\jandex-3.1.2.jar;C:\Users\B294LQ\.m2\repository\com\fasterxml\classmate\1.6.0\classmate-1.6.0.jar;C:\Users\B294LQ\.m2\repository\net\bytebuddy\byte-buddy\1.14.12\byte-buddy-1.14.12.jar;C:\Users\B294LQ\.m2\repository\org\glassfish\jaxb\jaxb-runtime\4.0.5\jaxb-runtime-4.0.5.jar;C:\Users\B294LQ\.m2\repository\org\glassfish\jaxb\jaxb-core\4.0.5\jaxb-core-4.0.5.jar;C:\Users\B294LQ\.m2\repository\org\eclipse\angus\angus-activation\2.0.2\angus-activation-2.0.2.jar;C:\Users\B294LQ\.m2\repository\org\glassfish\jaxb\txw2\4.0.5\txw2-4.0.5.jar;C:\Users\B294LQ\.m2\repository\com\sun\istack\istack-commons-runtime\4.1.2\istack-commons-runtime-4.1.2.jar;C:\Users\B294LQ\.m2\repository\jakarta\inject\jakarta.inject-api\2.0.1\jakarta.inject-api-2.0.1.jar;C:\Users\B294LQ\.m2\repository\org\antlr\antlr4-runtime\4.13.0\antlr4-runtime-4.13.0.jar;C:\Users\B294LQ\.m2\repository\org\springframework\data\spring-data-jpa\3.2.4\spring-data-jpa-3.2.4.jar;C:\Users\B294LQ\.m2\repository\org\springframework\data\spring-data-commons\3.2.4\spring-data-commons-3.2.4.jar;C:\Users\B294LQ\.m2\repository\org\springframework\spring-orm\6.1.5\spring-orm-6.1.5.jar;C:\Users\B294LQ\.m2\repository\org\springframework\spring-context\6.1.5\spring-context-6.1.5.jar;C:\Users\B294LQ\.m2\repository\org\springframework\spring-tx\6.1.5\spring-tx-6.1.5.jar;C:\Users\B294LQ\.m2\repository\org\springframework\spring-beans\6.1.5\spring-beans-6.1.5.jar;C:\Users\B294LQ\.m2\repository\jakarta\annotation\jakarta.annotation-api\2.1.1\jakarta.annotation-api-2.1.1.jar;C:\Users\B294LQ\.m2\repository\org\springframework\spring-aspects\6.1.5\spring-aspects-6.1.5.jar;C:\Users\B294LQ\.m2\repository\org\springframework\boot\spring-boot-starter-security\3.2.4\spring-boot-starter-security-3.2.4.jar;C:\Users\B294LQ\.m2\repository\org\springframework\boot\spring-boot-starter\3.2.4\spring-boot-starter-3.2.4.jar;C:\Users\B294LQ\.m2\repository\org\springframework\boot\spring-boot-starter-logging\3.2.4\spring-boot-starter-logging-3.2.4.jar;C:\Users\B294LQ\.m2\repository\ch\qos\logback\logback-classic\1.4.14\logback-classic-1.4.14.jar;C:\Users\B294LQ\.m2\repository\ch\qos\logback\logback-core\1.4.14\logback-core-1.4.14.jar;C:\Users\B294LQ\.m2\repository\org\apache\logging\log4j\log4j-to-slf4j\2.21.1\log4j-to-slf4j-2.21.1.jar;C:\Users\B294LQ\.m2\repository\org\apache\logging\log4j\log4j-api\2.21.1\log4j-api-2.21.1.jar;C:\Users\B294LQ\.m2\repository\org\slf4j\jul-to-slf4j\2.0.12\jul-to-slf4j-2.0.12.jar;C:\Users\B294LQ\.m2\repository\org\yaml\snakeyaml\2.2\snakeyaml-2.2.jar;C:\Users\B294LQ\.m2\repository\org\springframework\spring-aop\6.1.5\spring-aop-6.1.5.jar;C:\Users\B294LQ\.m2\repository\org\springframework\security\spring-security-config\6.2.3\spring-security-config-6.2.3.jar;C:\Users\B294LQ\.m2\repository\org\springframework\security\spring-security-web\6.2.3\spring-security-web-6.2.3.jar;C:\Users\B294LQ\.m2\repository\org\springframework\spring-expression\6.1.5\spring-expression-6.1.5.jar;C:\Users\B294LQ\.m2\repository\org\springframework\boot\spring-boot-starter-thymeleaf\3.2.4\spring-boot-starter-thymeleaf-3.2.4.jar;C:\Users\B294LQ\.m2\repository\org\thymeleaf\thymeleaf-spring6\3.1.2.RELEASE\thymeleaf-spring6-3.1.2.RELEASE.jar;C:\Users\B294LQ\.m2\repository\org\thymeleaf\thymeleaf\3.1.2.RELEASE\thymeleaf-3.1.2.RELEASE.jar;C:\Users\B294LQ\.m2\repository\org\attoparser\attoparser\2.0.7.RELEASE\attoparser-2.0.7.RELEASE.jar;C:\Users\B294LQ\.m2\repository\org\unbescape\unbescape\1.1.6.RELEASE\unbescape-1.1.6.RELEASE.jar;C:\Users\B294LQ\.m2\repository\org\springframework\boot\spring-boot-starter-validation\3.2.4\spring-boot-starter-validation-3.2.4.jar;C:\Users\B294LQ\.m2\repository\org\apache\tomcat\embed\tomcat-embed-el\10.1.19\tomcat-embed-el-10.1.19.jar;C:\Users\B294LQ\.m2\repository\org\hibernate\validator\hibernate-validator\8.0.1.Final\hibernate-validator-8.0.1.Final.jar;C:\Users\B294LQ\.m2\repository\jakarta\validation\jakarta.validation-api\3.0.2\jakarta.validation-api-3.0.2.jar;C:\Users\B294LQ\.m2\repository\org\springframework\boot\spring-boot-starter-web\3.2.4\spring-boot-starter-web-3.2.4.jar;C:\Users\B294LQ\.m2\repository\org\springframework\boot\spring-boot-starter-json\3.2.4\spring-boot-starter-json-3.2.4.jar;C:\Users\B294LQ\.m2\repository\com\fasterxml\jackson\core\jackson-databind\2.15.4\jackson-databind-2.15.4.jar;C:\Users\B294LQ\.m2\repository\com\fasterxml\jackson\core\jackson-annotations\2.15.4\jackson-annotations-2.15.4.jar;C:\Users\B294LQ\.m2\repository\com\fasterxml\jackson\core\jackson-core\2.15.4\jackson-core-2.15.4.jar;C:\Users\B294LQ\.m2\repository\com\fasterxml\jackson\datatype\jackson-datatype-jdk8\2.15.4\jackson-datatype-jdk8-2.15.4.jar;C:\Users\B294LQ\.m2\repository\com\fasterxml\jackson\datatype\jackson-datatype-jsr310\2.15.4\jackson-datatype-jsr310-2.15.4.jar;C:\Users\B294LQ\.m2\repository\com\fasterxml\jackson\module\jackson-module-parameter-names\2.15.4\jackson-module-parameter-names-2.15.4.jar;C:\Users\B294LQ\.m2\repository\org\springframework\boot\spring-boot-starter-tomcat\3.2.4\spring-boot-starter-tomcat-3.2.4.jar;C:\Users\B294LQ\.m2\repository\org\apache\tomcat\embed\tomcat-embed-core\10.1.19\tomcat-embed-core-10.1.19.jar;C:\Users\B294LQ\.m2\repository\org\apache\tomcat\embed\tomcat-embed-websocket\10.1.19\tomcat-embed-websocket-10.1.19.jar;C:\Users\B294LQ\.m2\repository\org\springframework\spring-web\6.1.5\spring-web-6.1.5.jar;C:\Users\B294LQ\.m2\repository\io\micrometer\micrometer-observation\1.12.4\micrometer-observation-1.12.4.jar;C:\Users\B294LQ\.m2\repository\io\micrometer\micrometer-commons\1.12.4\micrometer-commons-1.12.4.jar;C:\Users\B294LQ\.m2\repository\org\springframework\spring-webmvc\6.1.5\spring-webmvc-6.1.5.jar;C:\Users\B294LQ\.m2\repository\org\thymeleaf\extras\thymeleaf-extras-springsecurity6\3.1.2.RELEASE\thymeleaf-extras-springsecurity6-3.1.2.RELEASE.jar;C:\Users\B294LQ\.m2\repository\org\slf4j\slf4j-api\2.0.12\slf4j-api-2.0.12.jar;C:\Users\B294LQ\.m2\repository\org\springframework\boot\spring-boot-devtools\3.2.4\spring-boot-devtools-3.2.4.jar;C:\Users\B294LQ\.m2\repository\org\springframework\boot\spring-boot\3.2.4\spring-boot-3.2.4.jar;C:\Users\B294LQ\.m2\repository\org\springframework\boot\spring-boot-autoconfigure\3.2.4\spring-boot-autoconfigure-3.2.4.jar;C:\Users\B294LQ\.m2\repository\com\mysql\mysql-connector-j\8.3.0\mysql-connector-j-8.3.0.jar;C:\Users\B294LQ\.m2\repository\org\projectlombok\lombok\1.18.30\lombok-1.18.30.jar;C:\Users\B294LQ\.m2\repository\org\springframework\boot\spring-boot-starter-test\3.2.4\spring-boot-starter-test-3.2.4.jar;C:\Users\B294LQ\.m2\repository\org\springframework\boot\spring-boot-test\3.2.4\spring-boot-test-3.2.4.jar;C:\Users\B294LQ\.m2\repository\org\springframework\boot\spring-boot-test-autoconfigure\3.2.4\spring-boot-test-autoconfigure-3.2.4.jar;C:\Users\B294LQ\.m2\repository\com\jayway\jsonpath\json-path\2.9.0\json-path-2.9.0.jar;C:\Users\B294LQ\.m2\repository\jakarta\xml\bind\jakarta.xml.bind-api\4.0.2\jakarta.xml.bind-api-4.0.2.jar;C:\Users\B294LQ\.m2\repository\jakarta\activation\jakarta.activation-api\2.1.3\jakarta.activation-api-2.1.3.jar;C:\Users\B294LQ\.m2\repository\net\minidev\json-smart\2.5.0\json-smart-2.5.0.jar;C:\Users\B294LQ\.m2\repository\net\minidev\accessors-smart\2.5.0\accessors-smart-2.5.0.jar;C:\Users\B294LQ\.m2\repository\org\ow2\asm\asm\9.3\asm-9.3.jar;C:\Users\B294LQ\.m2\repository\org\assertj\assertj-core\3.24.2\assertj-core-3.24.2.jar;C:\Users\B294LQ\.m2\repository\org\awaitility\awaitility\4.2.0\awaitility-4.2.0.jar;C:\Users\B294LQ\.m2\repository\org\hamcrest\hamcrest\2.2\hamcrest-2.2.jar;C:\Users\B294LQ\.m2\repository\org\junit\jupiter\junit-jupiter\5.10.2\junit-jupiter-5.10.2.jar;C:\Users\B294LQ\.m2\repository\org\junit\jupiter\junit-jupiter-api\5.10.2\junit-jupiter-api-5.10.2.jar;C:\Users\B294LQ\.m2\repository\org\opentest4j\opentest4j\1.3.0\opentest4j-1.3.0.jar;C:\Users\B294LQ\.m2\repository\org\junit\platform\junit-platform-commons\1.10.2\junit-platform-commons-1.10.2.jar;C:\Users\B294LQ\.m2\repository\org\apiguardian\apiguardian-api\1.1.2\apiguardian-api-1.1.2.jar;C:\Users\B294LQ\.m2\repository\org\junit\jupiter\junit-jupiter-params\5.10.2\junit-jupiter-params-5.10.2.jar;C:\Users\B294LQ\.m2\repository\org\junit\jupiter\junit-jupiter-engine\5.10.2\junit-jupiter-engine-5.10.2.jar;C:\Users\B294LQ\.m2\repository\org\junit\platform\junit-platform-engine\1.10.2\junit-platform-engine-1.10.2.jar;C:\Users\B294LQ\.m2\repository\org\mockito\mockito-core\5.7.0\mockito-core-5.7.0.jar;C:\Users\B294LQ\.m2\repository\net\bytebuddy\byte-buddy-agent\1.14.12\byte-buddy-agent-1.14.12.jar;C:\Users\B294LQ\.m2\repository\org\objenesis\objenesis\3.3\objenesis-3.3.jar;C:\Users\B294LQ\.m2\repository\org\mockito\mockito-junit-jupiter\5.7.0\mockito-junit-jupiter-5.7.0.jar;C:\Users\B294LQ\.m2\repository\org\skyscreamer\jsonassert\1.5.1\jsonassert-1.5.1.jar;C:\Users\B294LQ\.m2\repository\com\vaadin\external\google\android-json\0.0.20131108.vaadin1\android-json-0.0.20131108.vaadin1.jar;C:\Users\B294LQ\.m2\repository\org\springframework\spring-core\6.1.5\spring-core-6.1.5.jar;C:\Users\B294LQ\.m2\repository\org\springframework\spring-jcl\6.1.5\spring-jcl-6.1.5.jar;C:\Users\B294LQ\.m2\repository\org\springframework\spring-test\6.1.5\spring-test-6.1.5.jar;C:\Users\B294LQ\.m2\repository\org\xmlunit\xmlunit-core\2.9.1\xmlunit-core-2.9.1.jar;C:\Users\B294LQ\.m2\repository\org\springframework\security\spring-security-test\6.2.3\spring-security-test-6.2.3.jar;C:\Users\B294LQ\.m2\repository\org\springframework\security\spring-security-core\6.2.3\spring-security-core-6.2.3.jar;C:\Users\B294LQ\.m2\repository\org\springframework\security\spring-security-crypto\6.2.3\spring-security-crypto-6.2.3.jar;"/>
    <property name="sun.cpu.endian" value="little"/>
    <property name="user.home" value="C:\Users\B294LQ"/>
    <property name="user.language" value="fr"/>
    <property name="java.specification.vendor" value="Oracle Corporation"/>
    <property name="java.version.date" value="2023-10-17"/>
    <property name="java.home" value="C:\Program Files\Eclipse Adoptium\jdk-21.0.1.12-hotspot"/>
    <property name="file.separator" value="\"/>
    <property name="basedir" value="C:\Users\B294LQ\OneDrive - AXA\Desktop\Formation Java\Projet 7\PCS-PM\Poseidon-PM"/>
    <property name="java.vm.compressedOopsMode" value="Zero based"/>
    <property name="line.separator" value="&#10;"/>
    <property name="java.vm.specification.vendor" value="Oracle Corporation"/>
    <property name="java.specification.name" value="Java Platform API Specification"/>
    <property name="FILE_LOG_CHARSET" value="UTF-8"/>
    <property name="java.awt.headless" value="true"/>
    <property name="surefire.real.class.path" value="C:\Users\B294LQ\AppData\Local\Temp\surefire17278187068875045689\surefirebooter-20240415173645002_74.jar"/>
    <property name="user.script" value=""/>
    <property name="sun.management.compiler" value="HotSpot 64-Bit Tiered Compilers"/>
    <property name="java.runtime.version" value="21.0.1+12-LTS"/>
    <property name="user.name" value="B294LQ"/>
    <property name="stdout.encoding" value="Cp1252"/>
    <property name="path.separator" value=";"/>
    <property name="os.version" value="10.0"/>
    <property name="java.runtime.name" value="OpenJDK Runtime Environment"/>
    <property name="file.encoding" value="UTF-8"/>
    <property name="java.vm.name" value="OpenJDK 64-Bit Server VM"/>
    <property name="java.vendor.version" value="Temurin-21.0.1+12"/>
    <property name="localRepository" value="C:\Users\B294LQ\.m2\repository"/>
    <property name="java.vendor.url.bug" value="https://github.com/adoptium/adoptium-support/issues"/>
    <property name="java.io.tmpdir" value="C:\Users\B294LQ\AppData\Local\Temp\"/>
    <property name="idea.version" value="2023.3.2"/>
    <property name="com.zaxxer.hikari.pool_number" value="1"/>
    <property name="java.version" value="21.0.1"/>
    <property name="user.dir" value="C:\Users\B294LQ\OneDrive - AXA\Desktop\Formation Java\Projet 7\PCS-PM\Poseidon-PM"/>
    <property name="os.arch" value="amd64"/>
    <property name="java.vm.specification.name" value="Java Virtual Machine Specification"/>
    <property name="PID" value="22872"/>
    <property name="sun.os.patch.level" value=""/>
    <property name="CONSOLE_LOG_CHARSET" value="UTF-8"/>
    <property name="native.encoding" value="Cp1252"/>
    <property name="java.library.path" value="C:\Program Files\Eclipse Adoptium\jdk-21.0.1.12-hotspot\bin;C:\Windows\Sun\Java\bin;C:\Windows\system32;C:\Windows;C:\Program Files\IcedTeaWeb\WebStart\bin;C:\Program Files\Eclipse Adoptium\jdk-21.0.1.12-hotspot\bin;C:\Windows\system32;C:\Windows;C:\Windows\System32\Wbem;C:\Windows\System32\WindowsPowerShell\v1.0\;C:\Windows\System32\OpenSSH\;C:\Program Files\dotnet\;C:\Program Files\Git\cmd;C:\Program Files\Docker\Docker\resources\bin;C:\Program Files\apache-maven-3.9.4\bin;%JAVA_HOME%\bin;C:\Program Files\nodejs\;C:\Program Files (x86)\RedHat\java-1.8.0-openjdk-1.8.0.362-1\bin;C:\Program Files (x86)\RedHat\java-1.8.0-openjdk-1.8.0.362-1\jre\bin;C:\Users\B294LQ\AppData\Local\Microsoft\WindowsApps;C:\Users\B294LQ\.dotnet\tools;C:\Users\B294LQ\AppData\Roaming\npm;."/>
    <property name="java.vm.info" value="mixed mode, sharing"/>
    <property name="stderr.encoding" value="Cp1252"/>
    <property name="java.vendor" value="Eclipse Adoptium"/>
    <property name="java.vm.version" value="21.0.1+12-LTS"/>
    <property name="sun.io.unicode.encoding" value="UnicodeLittle"/>
    <property name="java.class.version" value="65.0"/>
  </properties>
  <testcase name="testCreatingTradeWithAdminRole" classname="com.phildev.pcs.integration.TradeIT" time="0.05">
    <system-out><![CDATA[2024-04-15T17:38:05.274+02:00  INFO 22872 --- [           main] t.c.s.AnnotationConfigContextLoaderUtils : Could not detect default configuration classes for test class [com.phildev.pcs.integration.TradeIT]: TradeIT does not declare any static, non-private, non-final, nested classes annotated with @Configuration.
2024-04-15T17:38:05.282+02:00  INFO 22872 --- [           main] .b.t.c.SpringBootTestContextBootstrapper : Found @SpringBootConfiguration com.phildev.pcs.Application for test class com.phildev.pcs.integration.TradeIT
Hibernate: select bl1_0.bid_list_id,bl1_0.account,bl1_0.ask,bl1_0.ask_quantity,bl1_0.benchmark,bl1_0.bid,bl1_0.bid_list_date,bl1_0.bid_quantity,bl1_0.book,bl1_0.commentary,bl1_0.creation_date,bl1_0.creation_name,bl1_0.deal_name,bl1_0.deal_type,bl1_0.revision_date,bl1_0.revision_name,bl1_0.security,bl1_0.side,bl1_0.source_list_id,bl1_0.status,bl1_0.trader,bl1_0.type from bidlist bl1_0 where bl1_0.account=?
2024-04-15T17:38:05.321+02:00  INFO 22872 --- [           main] com.phildev.pcs.service.TradeService     : Starting to save trade with account 888888 and type type test5
Hibernate: insert into trade (account,benchmark,book,buy_price,buy_quantity,creation_date,creation_name,deal_name,deal_type,revision_date,revision_name,security,sell_price,sell_quantity,side,source_list_id,status,trade_date,trader,type) values (?,?,?,?,?,?,?,?,?,?,?,?,?,?,?,?,?,?,?,?)
2024-04-15T17:38:05.336+02:00  INFO 22872 --- [           main] c.p.pcs.controllers.TradeController      : Trade of type  type test5 with buy quantity 100.0 was successfully saved
Hibernate: select t1_0.trade_id,t1_0.account,t1_0.benchmark,t1_0.book,t1_0.buy_price,t1_0.buy_quantity,t1_0.creation_date,t1_0.creation_name,t1_0.deal_name,t1_0.deal_type,t1_0.revision_date,t1_0.revision_name,t1_0.security,t1_0.sell_price,t1_0.sell_quantity,t1_0.side,t1_0.source_list_id,t1_0.status,t1_0.trade_date,t1_0.trader,t1_0.type from trade t1_0 where t1_0.account=?
]]></system-out>
  </testcase>
  <testcase name="testAccessToTradeAddPageForAdminUser" classname="com.phildev.pcs.integration.TradeIT" time="0.014">
    <system-out><![CDATA[2024-04-15T17:38:05.349+02:00  INFO 22872 --- [           main] c.p.pcs.controllers.TradeController      : Trade add page rendered to user user

MockHttpServletRequest:
      HTTP Method = GET
      Request URI = /trade/add
       Parameters = {}
          Headers = []
             Body = null
    Session Attrs = {org.springframework.security.web.csrf.HttpSessionCsrfTokenRepository.CSRF_TOKEN=org.springframework.security.web.csrf.DefaultCsrfToken@7b80ea4, SPRING_SECURITY_CONTEXT=SecurityContextImpl [Authentication=UsernamePasswordAuthenticationToken [Principal=org.springframework.security.core.userdetails.User [Username=user, Password=[PROTECTED], Enabled=true, AccountNonExpired=true, CredentialsNonExpired=true, AccountNonLocked=true, Granted Authorities=[ROLE_ADMIN]], Credentials=[PROTECTED], Authenticated=true, Details=null, Granted Authorities=[ROLE_ADMIN]]]}

Handler:
             Type = com.phildev.pcs.controllers.TradeController
           Method = com.phildev.pcs.controllers.TradeController#addUser(Model, Principal)

Async:
    Async started = false
     Async result = null

Resolved Exception:
             Type = null

ModelAndView:
        View name = trade/add
             View = null
        Attribute = trade
            value = com.phildev.pcs.domain.Trade@549ce32b
           errors = []
        Attribute = connectedUser
            value = user

FlashMap:
       Attributes = null

MockHttpServletResponse:
           Status = 200
    Error message = null
          Headers = [Vary:"Origin", "Access-Control-Request-Method", "Access-Control-Request-Headers", Content-Language:"en", Content-Type:"text/html;charset=UTF-8", X-Content-Type-Options:"nosniff", X-XSS-Protection:"0", Cache-Control:"no-cache, no-store, max-age=0, must-revalidate", Pragma:"no-cache", Expires:"0", X-Frame-Options:"DENY"]
     Content type = text/html;charset=UTF-8
             Body = <!DOCTYPE html>
<html xmlns="http://www.w3.org/1999/xhtml">
<head>
<meta charset="utf-8"/>
<title>PCS - Add trade</title>
<link rel="stylesheet" href="../../css/bootstrap.min.css" >
</head>
<body>
<div class="container">
	<div class="row">
		<div class="col-12 d-flex p-0">
			<a href="/bidList/list">Bid List</a>&nbsp;|&nbsp;
			<a href="/curvePoint/list">Curve Points</a>&nbsp;|&nbsp;
			<a href="/rating/list">Ratings</a>&nbsp;|&nbsp;
			<a href="/trade/list">Trade</a>&nbsp;|&nbsp;
			<a href="/ruleName/list">Rule</a>&nbsp;|&nbsp;
			<a href="/user/list">User list</a>
			<div class="ms-auto">Logged in user: <b>user</b>
			</div>
		</div>
	</div>
	<div class="row">
		<form action="/logout" method="POST" class="d-flex justify-content-end p-0"><input type="hidden" name="_csrf" value="-D7pxBOGBIUp1Y_RnjGZePgMhLzUUJ-ZV-BIZdydaCvMSWIeyl2L93DgYrAE4OmzrhytG8A7qYXiafy0Y9dwUL3_CxypKwQm"/>
			<input type="submit" value="Logout" />
		</form>
	</div>

	<div class="row">
		<h2>Add New Trade</h2>
	</div>

	<div class="row">
		<form action="/trade/validate" method="post" class="form-horizontal" style="width: 100%"><input type="hidden" name="_csrf" value="-D7pxBOGBIUp1Y_RnjGZePgMhLzUUJ-ZV-BIZdydaCvMSWIeyl2L93DgYrAE4OmzrhytG8A7qYXiafy0Y9dwUL3_CxypKwQm"/>
			<div class="form-group">
				<label for="account" class="col-sm-2 control-label">Account</label>
				<div class="col-sm-10">
					<input type="text" id="account" placeholder="Account" class="col-4" name="account" value="">
					
				</div>
			</div>
			<div class="form-group">
				<label for="type" class="col-sm-2 control-label">Type</label>
				<div class="col-sm-10">
					<input type="text" id="type" placeholder="Type" class="col-4" name="type" value="">
					
				</div>
			</div>
			<div class="form-group mb-2">
				<label for="buyQuantity" class="col-sm-2 control-label">Buy Quantity</label>
				<div class="col-sm-10">
					<input type="number" min=1.00 step=0.1 id="buyQuantity" placeholder="Buy Quantity" class="col-4" name="buyQuantity" value="">
					
				</div>
			</div>
			
			<div class="form-group">
				<div class="col-sm-12">
					<a class="btn btn-danger btn-sm" href="/trade/list">Cancel</a>
					<input class="btn btn-primary btn-sm" type="submit" value="Add Trade">
				</div>
			</div>
		</form>
	</div>
	<div class="row">
		<div class="d-flex justify-content-end p-0">
			<img src="/images/pcs-banner.PNG" alt="pcs logo" class="img-fluid col-4 col-md-2 ms-auto"/>
		</div>
	</div>

</div>
</body>
</html>
    Forwarded URL = null
   Redirected URL = null
          Cookies = []
]]></system-out>
  </testcase>
  <testcase name="testEmptyFieldsWhenCreatingTradeWithAdminRole" classname="com.phildev.pcs.integration.TradeIT" time="0.008">
    <system-out><![CDATA[2024-04-15T17:38:05.365+02:00 ERROR 22872 --- [           main] c.p.pcs.controllers.TradeController      : The following errors occurred when trying to save a trade   : 
Type is mandatory
Account is mandatory
minimum bid quantity must be 1.0, only 2 digits allowed after decimal point

]]></system-out>
  </testcase>
  <testcase name="testDeletingTradeWithAdminRole" classname="com.phildev.pcs.integration.TradeIT" time="0.049">
    <system-out><![CDATA[Hibernate: select t1_0.trade_id,t1_0.account,t1_0.benchmark,t1_0.book,t1_0.buy_price,t1_0.buy_quantity,t1_0.creation_date,t1_0.creation_name,t1_0.deal_name,t1_0.deal_type,t1_0.revision_date,t1_0.revision_name,t1_0.security,t1_0.sell_price,t1_0.sell_quantity,t1_0.side,t1_0.source_list_id,t1_0.status,t1_0.trade_date,t1_0.trader,t1_0.type from trade t1_0 where t1_0.trade_id=?
Hibernate: delete from trade where trade_id=?
Hibernate: select t1_0.trade_id,t1_0.account,t1_0.benchmark,t1_0.book,t1_0.buy_price,t1_0.buy_quantity,t1_0.creation_date,t1_0.creation_name,t1_0.deal_name,t1_0.deal_type,t1_0.revision_date,t1_0.revision_name,t1_0.security,t1_0.sell_price,t1_0.sell_quantity,t1_0.side,t1_0.source_list_id,t1_0.status,t1_0.trade_date,t1_0.trader,t1_0.type from trade t1_0
Hibernate: select t1_0.trade_id,t1_0.account,t1_0.benchmark,t1_0.book,t1_0.buy_price,t1_0.buy_quantity,t1_0.creation_date,t1_0.creation_name,t1_0.deal_name,t1_0.deal_type,t1_0.revision_date,t1_0.revision_name,t1_0.security,t1_0.sell_price,t1_0.sell_quantity,t1_0.side,t1_0.source_list_id,t1_0.status,t1_0.trade_date,t1_0.trader,t1_0.type from trade t1_0 where t1_0.trade_id=?
]]></system-out>
  </testcase>
  <testcase name="testUpdatingTradeWithUnknownBidWithAdminRole" classname="com.phildev.pcs.integration.TradeIT" time="0.017">
    <system-out><![CDATA[Hibernate: select bl1_0.bid_list_id,bl1_0.account,bl1_0.ask,bl1_0.ask_quantity,bl1_0.benchmark,bl1_0.bid,bl1_0.bid_list_date,bl1_0.bid_quantity,bl1_0.book,bl1_0.commentary,bl1_0.creation_date,bl1_0.creation_name,bl1_0.deal_name,bl1_0.deal_type,bl1_0.revision_date,bl1_0.revision_name,bl1_0.security,bl1_0.side,bl1_0.source_list_id,bl1_0.status,bl1_0.trader,bl1_0.type from bidlist bl1_0 where bl1_0.account=?
2024-04-15T17:38:05.432+02:00 ERROR 22872 --- [           main] c.p.pcs.controllers.TradeController      : No bid found for the account 8899888 , type type test5 and quantity 2000.2
]]></system-out>
  </testcase>
  <testcase name="testForbiddenAccessToTradeListForUserRole" classname="com.phildev.pcs.integration.TradeIT" time="0.004"/>
  <testcase name="testNonExistingBidWhenCreatingTradeWithAdminRole" classname="com.phildev.pcs.integration.TradeIT" time="0.024">
    <system-out><![CDATA[Hibernate: select bl1_0.bid_list_id,bl1_0.account,bl1_0.ask,bl1_0.ask_quantity,bl1_0.benchmark,bl1_0.bid,bl1_0.bid_list_date,bl1_0.bid_quantity,bl1_0.book,bl1_0.commentary,bl1_0.creation_date,bl1_0.creation_name,bl1_0.deal_name,bl1_0.deal_type,bl1_0.revision_date,bl1_0.revision_name,bl1_0.security,bl1_0.side,bl1_0.source_list_id,bl1_0.status,bl1_0.trader,bl1_0.type from bidlist bl1_0 where bl1_0.account=?
2024-04-15T17:38:05.452+02:00 ERROR 22872 --- [           main] c.p.pcs.controllers.TradeController      : No bid found for the account 888888 , type type test5 and quantity 2000.15
]]></system-out>
  </testcase>
  <testcase name="testAccessToTradeUpdatePageForAdminUser" classname="com.phildev.pcs.integration.TradeIT" time="0.027">
    <system-out><![CDATA[Hibernate: select t1_0.trade_id,t1_0.account,t1_0.benchmark,t1_0.book,t1_0.buy_price,t1_0.buy_quantity,t1_0.creation_date,t1_0.creation_name,t1_0.deal_name,t1_0.deal_type,t1_0.revision_date,t1_0.revision_name,t1_0.security,t1_0.sell_price,t1_0.sell_quantity,t1_0.side,t1_0.source_list_id,t1_0.status,t1_0.trade_date,t1_0.trader,t1_0.type from trade t1_0 where t1_0.trade_id=?

MockHttpServletRequest:
      HTTP Method = GET
      Request URI = /trade/update/1
       Parameters = {}
          Headers = []
             Body = null
    Session Attrs = {org.springframework.security.web.csrf.HttpSessionCsrfTokenRepository.CSRF_TOKEN=org.springframework.security.web.csrf.DefaultCsrfToken@48474db4, SPRING_SECURITY_CONTEXT=SecurityContextImpl [Authentication=UsernamePasswordAuthenticationToken [Principal=org.springframework.security.core.userdetails.User [Username=user, Password=[PROTECTED], Enabled=true, AccountNonExpired=true, CredentialsNonExpired=true, AccountNonLocked=true, Granted Authorities=[ROLE_ADMIN]], Credentials=[PROTECTED], Authenticated=true, Details=null, Granted Authorities=[ROLE_ADMIN]]]}

Handler:
             Type = com.phildev.pcs.controllers.TradeController
           Method = com.phildev.pcs.controllers.TradeController#showUpdateForm(Integer, Model, Principal)

Async:
    Async started = false
     Async result = null

Resolved Exception:
             Type = null

ModelAndView:
        View name = trade/update
             View = null
        Attribute = connectedUser
            value = user
        Attribute = trade
            value = com.phildev.pcs.domain.Trade@1f894823
           errors = []

FlashMap:
       Attributes = null

MockHttpServletResponse:
           Status = 200
    Error message = null
          Headers = [Vary:"Origin", "Access-Control-Request-Method", "Access-Control-Request-Headers", Content-Language:"en", Content-Type:"text/html;charset=UTF-8", X-Content-Type-Options:"nosniff", X-XSS-Protection:"0", Cache-Control:"no-cache, no-store, max-age=0, must-revalidate", Pragma:"no-cache", Expires:"0", X-Frame-Options:"DENY"]
     Content type = text/html;charset=UTF-8
             Body = <!DOCTYPE html>
<html xmlns="http://www.w3.org/1999/xhtml">
<head>
<meta charset="utf-8"/>
<title>PCS - Update trade</title>
<link rel="stylesheet" href="../../css/bootstrap.min.css" >
</head>
<body>
<div class="container">
	<div class="row">
		<div class="col-12 d-flex p-0">
			<a href="/bidList/list">Bid List</a>&nbsp;|&nbsp;
			<a href="/curvePoint/list">Curve Points</a>&nbsp;|&nbsp;
			<a href="/rating/list">Ratings</a>&nbsp;|&nbsp;
			<a href="/trade/list">Trade</a>&nbsp;|&nbsp;
			<a href="/ruleName/list">Rule</a>&nbsp;|&nbsp;
			<a href="/user/list">User list</a>
			<div class="ms-auto">Logged in user: <b>user</b>
			</div>
		</div>
	</div>
	<div class="row">
		<form action="/logout" method="POST" class="d-flex justify-content-end p-0"><input type="hidden" name="_csrf" value="K74sJrX665kF5ypUgULqwP5M5kA4z4K17SPhCfUWEU_kJbTsStscEYWf26oog0tsuG_eoc94yyJZrbSY2BDWO813cymGRNDd"/>
			<input type="submit" value="Logout" />
		</form>
	</div>
	<div class="row">
		<h2>Update Trade</h2>
	</div>

	<div class="row">
		<form action="/trade/update/1" method="post" class="form-horizontal" style="width: 100%"><input type="hidden" name="_csrf" value="K74sJrX665kF5ypUgULqwP5M5kA4z4K17SPhCfUWEU_kJbTsStscEYWf26oog0tsuG_eoc94yyJZrbSY2BDWO813cymGRNDd"/>
			<div class="form-group">
				<label for="account" class="col-sm-2 control-label">Account</label>
				<div class="col-sm-10">
					<input type="text" id="account" placeholder="Account" class="col-4" name="account" value="123456">
					
				</div>
			</div>
			<div class="form-group">
				<label for="type" class="col-sm-2 control-label">Type</label>
				<div class="col-sm-10">
					<input type="text" id="type" placeholder="Type" class="col-4" name="type" value="type test">
					
				</div>
			</div>
			<div class="form-group mb-2">
				<label for="buyQuantity" class="col-sm-2 control-label">Buy Quantity</label>
				<div class="col-sm-10">
					<input type="number" min=1.00 step=0.1 id="buyQuantity" placeholder="Buy Quantity" class="col-4" name="buyQuantity" value="10.0">
					
				</div>
			</div>


			<div class="form-group">
				<div class="col-sm-12">
					<input type="hidden" id="tradeId" name="tradeId" value="1">
					<a class="btn btn-danger btn-sm" href="/trade/list">Cancel</a>
					<input class="btn btn-primary btn-sm" type="submit" value="Update Trade">
				</div>
			</div>
		</form>
	</div>
	<div class="row">
		<div class="d-flex justify-content-end p-0">
			<img src="/images/pcs-banner.PNG" alt="pcs logo" class="img-fluid col-4 col-md-2 ms-auto"/>
		</div>
	</div>

</div>
</body>
</html>
    Forwarded URL = null
   Redirected URL = null
          Cookies = []
]]></system-out>
  </testcase>
  <testcase name="testExceedingMaxQuantityWhenCreatingTradeWithAdminRole" classname="com.phildev.pcs.integration.TradeIT" time="0.007">
    <system-out><![CDATA[2024-04-15T17:38:05.498+02:00 ERROR 22872 --- [           main] c.p.pcs.controllers.TradeController      : The following errors occurred when trying to save a trade   : 
Type is mandatory
maximum bid quantity should be 1 000 000, only 2 digits allowed after decimal point
Account is mandatory

]]></system-out>
  </testcase>
  <testcase name="testAccessToTradeListForAdminUser" classname="com.phildev.pcs.integration.TradeIT" time="0.033">
    <system-out><![CDATA[Hibernate: select t1_0.trade_id,t1_0.account,t1_0.benchmark,t1_0.book,t1_0.buy_price,t1_0.buy_quantity,t1_0.creation_date,t1_0.creation_name,t1_0.deal_name,t1_0.deal_type,t1_0.revision_date,t1_0.revision_name,t1_0.security,t1_0.sell_price,t1_0.sell_quantity,t1_0.side,t1_0.source_list_id,t1_0.status,t1_0.trade_date,t1_0.trader,t1_0.type from trade t1_0
Hibernate: select t1_0.trade_id,t1_0.account,t1_0.benchmark,t1_0.book,t1_0.buy_price,t1_0.buy_quantity,t1_0.creation_date,t1_0.creation_name,t1_0.deal_name,t1_0.deal_type,t1_0.revision_date,t1_0.revision_name,t1_0.security,t1_0.sell_price,t1_0.sell_quantity,t1_0.side,t1_0.source_list_id,t1_0.status,t1_0.trade_date,t1_0.trader,t1_0.type from trade t1_0
2024-04-15T17:38:05.524+02:00  INFO 22872 --- [           main] c.p.pcs.controllers.TradeController      : Trade list page rendered successfully to user user
]]></system-out>
  </testcase>
  <testcase name="testForbiddenAccessToAddTradePageForUserRole" classname="com.phildev.pcs.integration.TradeIT" time="0.003"/>
</testsuite>