<?xml version="1.0" encoding="UTF-8"?>
<testsuite xmlns:xsi="http://www.w3.org/2001/XMLSchema-instance" xsi:noNamespaceSchemaLocation="https://maven.apache.org/surefire/maven-surefire-plugin/xsd/surefire-test-report-3.0.xsd" version="3.0" name="com.phildev.pcs.CurvePointTests" time="15.685" tests="1" errors="0" skipped="0" failures="0">
  <properties>
    <property name="java.specification.version" value="21"/>
    <property name="sun.cpu.isalist" value="amd64"/>
    <property name="sun.jnu.encoding" value="Cp1252"/>
    <property name="java.class.path" value="C:\Users\B294LQ\OneDrive - AXA\Desktop\Formation Java\Projet 7\PCS-PM\Poseidon-PM\target\test-classes;C:\Users\B294LQ\OneDrive - AXA\Desktop\Formation Java\Projet 7\PCS-PM\Poseidon-PM\target\classes;C:\Users\B294LQ\.m2\repository\org\springframework\boot\spring-boot-starter-test\3.2.4\spring-boot-starter-test-3.2.4.jar;C:\Users\B294LQ\.m2\repository\org\springframework\boot\spring-boot-starter\3.2.4\spring-boot-starter-3.2.4.jar;C:\Users\B294LQ\.m2\repository\org\springframework\boot\spring-boot-starter-logging\3.2.4\spring-boot-starter-logging-3.2.4.jar;C:\Users\B294LQ\.m2\repository\ch\qos\logback\logback-classic\1.4.14\logback-classic-1.4.14.jar;C:\Users\B294LQ\.m2\repository\ch\qos\logback\logback-core\1.4.14\logback-core-1.4.14.jar;C:\Users\B294LQ\.m2\repository\org\apache\logging\log4j\log4j-to-slf4j\2.21.1\log4j-to-slf4j-2.21.1.jar;C:\Users\B294LQ\.m2\repository\org\apache\logging\log4j\log4j-api\2.21.1\log4j-api-2.21.1.jar;C:\Users\B294LQ\.m2\repository\org\slf4j\jul-to-slf4j\2.0.12\jul-to-slf4j-2.0.12.jar;C:\Users\B294LQ\.m2\repository\jakarta\annotation\jakarta.annotation-api\2.1.1\jakarta.annotation-api-2.1.1.jar;C:\Users\B294LQ\.m2\repository\org\yaml\snakeyaml\2.2\snakeyaml-2.2.jar;C:\Users\B294LQ\.m2\repository\org\springframework\boot\spring-boot-test\3.2.4\spring-boot-test-3.2.4.jar;C:\Users\B294LQ\.m2\repository\org\springframework\boot\spring-boot-test-autoconfigure\3.2.4\spring-boot-test-autoconfigure-3.2.4.jar;C:\Users\B294LQ\.m2\repository\com\jayway\jsonpath\json-path\2.9.0\json-path-2.9.0.jar;C:\Users\B294LQ\.m2\repository\org\slf4j\slf4j-api\2.0.12\slf4j-api-2.0.12.jar;C:\Users\B294LQ\.m2\repository\jakarta\xml\bind\jakarta.xml.bind-api\4.0.2\jakarta.xml.bind-api-4.0.2.jar;C:\Users\B294LQ\.m2\repository\jakarta\activation\jakarta.activation-api\2.1.3\jakarta.activation-api-2.1.3.jar;C:\Users\B294LQ\.m2\repository\net\minidev\json-smart\2.5.0\json-smart-2.5.0.jar;C:\Users\B294LQ\.m2\repository\net\minidev\accessors-smart\2.5.0\accessors-smart-2.5.0.jar;C:\Users\B294LQ\.m2\repository\org\ow2\asm\asm\9.3\asm-9.3.jar;C:\Users\B294LQ\.m2\repository\org\assertj\assertj-core\3.24.2\assertj-core-3.24.2.jar;C:\Users\B294LQ\.m2\repository\net\bytebuddy\byte-buddy\1.14.12\byte-buddy-1.14.12.jar;C:\Users\B294LQ\.m2\repository\org\awaitility\awaitility\4.2.0\awaitility-4.2.0.jar;C:\Users\B294LQ\.m2\repository\org\hamcrest\hamcrest\2.2\hamcrest-2.2.jar;C:\Users\B294LQ\.m2\repository\org\junit\jupiter\junit-jupiter\5.10.2\junit-jupiter-5.10.2.jar;C:\Users\B294LQ\.m2\repository\org\junit\jupiter\junit-jupiter-api\5.10.2\junit-jupiter-api-5.10.2.jar;C:\Users\B294LQ\.m2\repository\org\opentest4j\opentest4j\1.3.0\opentest4j-1.3.0.jar;C:\Users\B294LQ\.m2\repository\org\junit\platform\junit-platform-commons\1.10.2\junit-platform-commons-1.10.2.jar;C:\Users\B294LQ\.m2\repository\org\apiguardian\apiguardian-api\1.1.2\apiguardian-api-1.1.2.jar;C:\Users\B294LQ\.m2\repository\org\junit\jupiter\junit-jupiter-params\5.10.2\junit-jupiter-params-5.10.2.jar;C:\Users\B294LQ\.m2\repository\org\junit\jupiter\junit-jupiter-engine\5.10.2\junit-jupiter-engine-5.10.2.jar;C:\Users\B294LQ\.m2\repository\org\junit\platform\junit-platform-engine\1.10.2\junit-platform-engine-1.10.2.jar;C:\Users\B294LQ\.m2\repository\org\mockito\mockito-core\5.7.0\mockito-core-5.7.0.jar;C:\Users\B294LQ\.m2\repository\net\bytebuddy\byte-buddy-agent\1.14.12\byte-buddy-agent-1.14.12.jar;C:\Users\B294LQ\.m2\repository\org\objenesis\objenesis\3.3\objenesis-3.3.jar;C:\Users\B294LQ\.m2\repository\org\mockito\mockito-junit-jupiter\5.7.0\mockito-junit-jupiter-5.7.0.jar;C:\Users\B294LQ\.m2\repository\org\skyscreamer\jsonassert\1.5.1\jsonassert-1.5.1.jar;C:\Users\B294LQ\.m2\repository\com\vaadin\external\google\android-json\0.0.20131108.vaadin1\android-json-0.0.20131108.vaadin1.jar;C:\Users\B294LQ\.m2\repository\org\springframework\spring-core\6.1.5\spring-core-6.1.5.jar;C:\Users\B294LQ\.m2\repository\org\springframework\spring-jcl\6.1.5\spring-jcl-6.1.5.jar;C:\Users\B294LQ\.m2\repository\org\springframework\spring-test\6.1.5\spring-test-6.1.5.jar;C:\Users\B294LQ\.m2\repository\org\xmlunit\xmlunit-core\2.9.1\xmlunit-core-2.9.1.jar;C:\Users\B294LQ\.m2\repository\org\springframework\boot\spring-boot-starter-data-jpa\3.2.4\spring-boot-starter-data-jpa-3.2.4.jar;C:\Users\B294LQ\.m2\repository\org\springframework\boot\spring-boot-starter-aop\3.2.4\spring-boot-starter-aop-3.2.4.jar;C:\Users\B294LQ\.m2\repository\org\aspectj\aspectjweaver\1.9.21\aspectjweaver-1.9.21.jar;C:\Users\B294LQ\.m2\repository\org\springframework\boot\spring-boot-starter-jdbc\3.2.4\spring-boot-starter-jdbc-3.2.4.jar;C:\Users\B294LQ\.m2\repository\com\zaxxer\HikariCP\5.0.1\HikariCP-5.0.1.jar;C:\Users\B294LQ\.m2\repository\org\springframework\spring-jdbc\6.1.5\spring-jdbc-6.1.5.jar;C:\Users\B294LQ\.m2\repository\org\hibernate\orm\hibernate-core\6.4.4.Final\hibernate-core-6.4.4.Final.jar;C:\Users\B294LQ\.m2\repository\jakarta\persistence\jakarta.persistence-api\3.1.0\jakarta.persistence-api-3.1.0.jar;C:\Users\B294LQ\.m2\repository\jakarta\transaction\jakarta.transaction-api\2.0.1\jakarta.transaction-api-2.0.1.jar;C:\Users\B294LQ\.m2\repository\org\jboss\logging\jboss-logging\3.5.3.Final\jboss-logging-3.5.3.Final.jar;C:\Users\B294LQ\.m2\repository\org\hibernate\common\hibernate-commons-annotations\6.0.6.Final\hibernate-commons-annotations-6.0.6.Final.jar;C:\Users\B294LQ\.m2\repository\io\smallrye\jandex\3.1.2\jandex-3.1.2.jar;C:\Users\B294LQ\.m2\repository\com\fasterxml\classmate\1.6.0\classmate-1.6.0.jar;C:\Users\B294LQ\.m2\repository\org\glassfish\jaxb\jaxb-runtime\4.0.5\jaxb-runtime-4.0.5.jar;C:\Users\B294LQ\.m2\repository\org\glassfish\jaxb\jaxb-core\4.0.5\jaxb-core-4.0.5.jar;C:\Users\B294LQ\.m2\repository\org\eclipse\angus\angus-activation\2.0.2\angus-activation-2.0.2.jar;C:\Users\B294LQ\.m2\repository\org\glassfish\jaxb\txw2\4.0.5\txw2-4.0.5.jar;C:\Users\B294LQ\.m2\repository\com\sun\istack\istack-commons-runtime\4.1.2\istack-commons-runtime-4.1.2.jar;C:\Users\B294LQ\.m2\repository\jakarta\inject\jakarta.inject-api\2.0.1\jakarta.inject-api-2.0.1.jar;C:\Users\B294LQ\.m2\repository\org\antlr\antlr4-runtime\4.13.0\antlr4-runtime-4.13.0.jar;C:\Users\B294LQ\.m2\repository\org\springframework\data\spring-data-jpa\3.2.4\spring-data-jpa-3.2.4.jar;C:\Users\B294LQ\.m2\repository\org\springframework\data\spring-data-commons\3.2.4\spring-data-commons-3.2.4.jar;C:\Users\B294LQ\.m2\repository\org\springframework\spring-orm\6.1.5\spring-orm-6.1.5.jar;C:\Users\B294LQ\.m2\repository\org\springframework\spring-context\6.1.5\spring-context-6.1.5.jar;C:\Users\B294LQ\.m2\repository\org\springframework\spring-tx\6.1.5\spring-tx-6.1.5.jar;C:\Users\B294LQ\.m2\repository\org\springframework\spring-beans\6.1.5\spring-beans-6.1.5.jar;C:\Users\B294LQ\.m2\repository\org\springframework\spring-aspects\6.1.5\spring-aspects-6.1.5.jar;C:\Users\B294LQ\.m2\repository\org\springframework\boot\spring-boot-starter-web\3.2.4\spring-boot-starter-web-3.2.4.jar;C:\Users\B294LQ\.m2\repository\org\springframework\boot\spring-boot-starter-json\3.2.4\spring-boot-starter-json-3.2.4.jar;C:\Users\B294LQ\.m2\repository\com\fasterxml\jackson\core\jackson-databind\2.15.4\jackson-databind-2.15.4.jar;C:\Users\B294LQ\.m2\repository\com\fasterxml\jackson\core\jackson-annotations\2.15.4\jackson-annotations-2.15.4.jar;C:\Users\B294LQ\.m2\repository\com\fasterxml\jackson\core\jackson-core\2.15.4\jackson-core-2.15.4.jar;C:\Users\B294LQ\.m2\repository\com\fasterxml\jackson\datatype\jackson-datatype-jdk8\2.15.4\jackson-datatype-jdk8-2.15.4.jar;C:\Users\B294LQ\.m2\repository\com\fasterxml\jackson\datatype\jackson-datatype-jsr310\2.15.4\jackson-datatype-jsr310-2.15.4.jar;C:\Users\B294LQ\.m2\repository\com\fasterxml\jackson\module\jackson-module-parameter-names\2.15.4\jackson-module-parameter-names-2.15.4.jar;C:\Users\B294LQ\.m2\repository\org\springframework\boot\spring-boot-starter-tomcat\3.2.4\spring-boot-starter-tomcat-3.2.4.jar;C:\Users\B294LQ\.m2\repository\org\apache\tomcat\embed\tomcat-embed-core\10.1.19\tomcat-embed-core-10.1.19.jar;C:\Users\B294LQ\.m2\repository\org\apache\tomcat\embed\tomcat-embed-websocket\10.1.19\tomcat-embed-websocket-10.1.19.jar;C:\Users\B294LQ\.m2\repository\org\springframework\spring-web\6.1.5\spring-web-6.1.5.jar;C:\Users\B294LQ\.m2\repository\io\micrometer\micrometer-observation\1.12.4\micrometer-observation-1.12.4.jar;C:\Users\B294LQ\.m2\repository\io\micrometer\micrometer-commons\1.12.4\micrometer-commons-1.12.4.jar;C:\Users\B294LQ\.m2\repository\org\springframework\spring-webmvc\6.1.5\spring-webmvc-6.1.5.jar;C:\Users\B294LQ\.m2\repository\org\springframework\spring-expression\6.1.5\spring-expression-6.1.5.jar;C:\Users\B294LQ\.m2\repository\org\springframework\boot\spring-boot-starter-thymeleaf\3.2.4\spring-boot-starter-thymeleaf-3.2.4.jar;C:\Users\B294LQ\.m2\repository\org\thymeleaf\thymeleaf-spring6\3.1.2.RELEASE\thymeleaf-spring6-3.1.2.RELEASE.jar;C:\Users\B294LQ\.m2\repository\org\thymeleaf\thymeleaf\3.1.2.RELEASE\thymeleaf-3.1.2.RELEASE.jar;C:\Users\B294LQ\.m2\repository\org\attoparser\attoparser\2.0.7.RELEASE\attoparser-2.0.7.RELEASE.jar;C:\Users\B294LQ\.m2\repository\org\unbescape\unbescape\1.1.6.RELEASE\unbescape-1.1.6.RELEASE.jar;C:\Users\B294LQ\.m2\repository\org\springframework\boot\spring-boot-starter-security\3.2.4\spring-boot-starter-security-3.2.4.jar;C:\Users\B294LQ\.m2\repository\org\springframework\spring-aop\6.1.5\spring-aop-6.1.5.jar;C:\Users\B294LQ\.m2\repository\org\springframework\security\spring-security-config\6.2.3\spring-security-config-6.2.3.jar;C:\Users\B294LQ\.m2\repository\org\springframework\security\spring-security-core\6.2.3\spring-security-core-6.2.3.jar;C:\Users\B294LQ\.m2\repository\org\springframework\security\spring-security-crypto\6.2.3\spring-security-crypto-6.2.3.jar;C:\Users\B294LQ\.m2\repository\org\springframework\security\spring-security-web\6.2.3\spring-security-web-6.2.3.jar;C:\Users\B294LQ\.m2\repository\org\springframework\boot\spring-boot-starter-validation\3.2.4\spring-boot-starter-validation-3.2.4.jar;C:\Users\B294LQ\.m2\repository\org\apache\tomcat\embed\tomcat-embed-el\10.1.19\tomcat-embed-el-10.1.19.jar;C:\Users\B294LQ\.m2\repository\org\hibernate\validator\hibernate-validator\8.0.1.Final\hibernate-validator-8.0.1.Final.jar;C:\Users\B294LQ\.m2\repository\jakarta\validation\jakarta.validation-api\3.0.2\jakarta.validation-api-3.0.2.jar;C:\Users\B294LQ\.m2\repository\org\springframework\boot\spring-boot-devtools\3.2.4\spring-boot-devtools-3.2.4.jar;C:\Users\B294LQ\.m2\repository\org\springframework\boot\spring-boot\3.2.4\spring-boot-3.2.4.jar;C:\Users\B294LQ\.m2\repository\org\springframework\boot\spring-boot-autoconfigure\3.2.4\spring-boot-autoconfigure-3.2.4.jar;C:\Users\B294LQ\.m2\repository\com\mysql\mysql-connector-j\8.3.0\mysql-connector-j-8.3.0.jar;C:\Users\B294LQ\.m2\repository\junit\junit\4.13.2\junit-4.13.2.jar;C:\Users\B294LQ\.m2\repository\org\hamcrest\hamcrest-core\2.2\hamcrest-core-2.2.jar;"/>
    <property name="java.vm.vendor" value="Eclipse Adoptium"/>
    <property name="sun.arch.data.model" value="64"/>
    <property name="user.variant" value=""/>
    <property name="java.vendor.url" value="https://adoptium.net/"/>
    <property name="user.timezone" value="Europe/Paris"/>
    <property name="org.jboss.logging.provider" value="slf4j"/>
    <property name="os.name" value="Windows 10"/>
    <property name="java.vm.specification.version" value="21"/>
    <property name="sun.java.launcher" value="SUN_STANDARD"/>
    <property name="user.country" value="FR"/>
    <property name="sun.boot.library.path" value="C:\Program Files\Eclipse Adoptium\jdk-21.0.1.12-hotspot\bin"/>
    <property name="sun.java.command" value="C:\Users\B294LQ\AppData\Local\Temp\surefire6650530737123212622\surefirebooter-20240408214322416_3.jar C:\Users\B294LQ\AppData\Local\Temp\surefire6650530737123212622 2024-04-08T21-43-22_157-jvmRun1 surefire-20240408214322416_1tmp surefire_0-20240408214322416_2tmp"/>
    <property name="jdk.debug" value="release"/>
    <property name="surefire.test.class.path" value="C:\Users\B294LQ\OneDrive - AXA\Desktop\Formation Java\Projet 7\PCS-PM\Poseidon-PM\target\test-classes;C:\Users\B294LQ\OneDrive - AXA\Desktop\Formation Java\Projet 7\PCS-PM\Poseidon-PM\target\classes;C:\Users\B294LQ\.m2\repository\org\springframework\boot\spring-boot-starter-test\3.2.4\spring-boot-starter-test-3.2.4.jar;C:\Users\B294LQ\.m2\repository\org\springframework\boot\spring-boot-starter\3.2.4\spring-boot-starter-3.2.4.jar;C:\Users\B294LQ\.m2\repository\org\springframework\boot\spring-boot-starter-logging\3.2.4\spring-boot-starter-logging-3.2.4.jar;C:\Users\B294LQ\.m2\repository\ch\qos\logback\logback-classic\1.4.14\logback-classic-1.4.14.jar;C:\Users\B294LQ\.m2\repository\ch\qos\logback\logback-core\1.4.14\logback-core-1.4.14.jar;C:\Users\B294LQ\.m2\repository\org\apache\logging\log4j\log4j-to-slf4j\2.21.1\log4j-to-slf4j-2.21.1.jar;C:\Users\B294LQ\.m2\repository\org\apache\logging\log4j\log4j-api\2.21.1\log4j-api-2.21.1.jar;C:\Users\B294LQ\.m2\repository\org\slf4j\jul-to-slf4j\2.0.12\jul-to-slf4j-2.0.12.jar;C:\Users\B294LQ\.m2\repository\jakarta\annotation\jakarta.annotation-api\2.1.1\jakarta.annotation-api-2.1.1.jar;C:\Users\B294LQ\.m2\repository\org\yaml\snakeyaml\2.2\snakeyaml-2.2.jar;C:\Users\B294LQ\.m2\repository\org\springframework\boot\spring-boot-test\3.2.4\spring-boot-test-3.2.4.jar;C:\Users\B294LQ\.m2\repository\org\springframework\boot\spring-boot-test-autoconfigure\3.2.4\spring-boot-test-autoconfigure-3.2.4.jar;C:\Users\B294LQ\.m2\repository\com\jayway\jsonpath\json-path\2.9.0\json-path-2.9.0.jar;C:\Users\B294LQ\.m2\repository\org\slf4j\slf4j-api\2.0.12\slf4j-api-2.0.12.jar;C:\Users\B294LQ\.m2\repository\jakarta\xml\bind\jakarta.xml.bind-api\4.0.2\jakarta.xml.bind-api-4.0.2.jar;C:\Users\B294LQ\.m2\repository\jakarta\activation\jakarta.activation-api\2.1.3\jakarta.activation-api-2.1.3.jar;C:\Users\B294LQ\.m2\repository\net\minidev\json-smart\2.5.0\json-smart-2.5.0.jar;C:\Users\B294LQ\.m2\repository\net\minidev\accessors-smart\2.5.0\accessors-smart-2.5.0.jar;C:\Users\B294LQ\.m2\repository\org\ow2\asm\asm\9.3\asm-9.3.jar;C:\Users\B294LQ\.m2\repository\org\assertj\assertj-core\3.24.2\assertj-core-3.24.2.jar;C:\Users\B294LQ\.m2\repository\net\bytebuddy\byte-buddy\1.14.12\byte-buddy-1.14.12.jar;C:\Users\B294LQ\.m2\repository\org\awaitility\awaitility\4.2.0\awaitility-4.2.0.jar;C:\Users\B294LQ\.m2\repository\org\hamcrest\hamcrest\2.2\hamcrest-2.2.jar;C:\Users\B294LQ\.m2\repository\org\junit\jupiter\junit-jupiter\5.10.2\junit-jupiter-5.10.2.jar;C:\Users\B294LQ\.m2\repository\org\junit\jupiter\junit-jupiter-api\5.10.2\junit-jupiter-api-5.10.2.jar;C:\Users\B294LQ\.m2\repository\org\opentest4j\opentest4j\1.3.0\opentest4j-1.3.0.jar;C:\Users\B294LQ\.m2\repository\org\junit\platform\junit-platform-commons\1.10.2\junit-platform-commons-1.10.2.jar;C:\Users\B294LQ\.m2\repository\org\apiguardian\apiguardian-api\1.1.2\apiguardian-api-1.1.2.jar;C:\Users\B294LQ\.m2\repository\org\junit\jupiter\junit-jupiter-params\5.10.2\junit-jupiter-params-5.10.2.jar;C:\Users\B294LQ\.m2\repository\org\junit\jupiter\junit-jupiter-engine\5.10.2\junit-jupiter-engine-5.10.2.jar;C:\Users\B294LQ\.m2\repository\org\junit\platform\junit-platform-engine\1.10.2\junit-platform-engine-1.10.2.jar;C:\Users\B294LQ\.m2\repository\org\mockito\mockito-core\5.7.0\mockito-core-5.7.0.jar;C:\Users\B294LQ\.m2\repository\net\bytebuddy\byte-buddy-agent\1.14.12\byte-buddy-agent-1.14.12.jar;C:\Users\B294LQ\.m2\repository\org\objenesis\objenesis\3.3\objenesis-3.3.jar;C:\Users\B294LQ\.m2\repository\org\mockito\mockito-junit-jupiter\5.7.0\mockito-junit-jupiter-5.7.0.jar;C:\Users\B294LQ\.m2\repository\org\skyscreamer\jsonassert\1.5.1\jsonassert-1.5.1.jar;C:\Users\B294LQ\.m2\repository\com\vaadin\external\google\android-json\0.0.20131108.vaadin1\android-json-0.0.20131108.vaadin1.jar;C:\Users\B294LQ\.m2\repository\org\springframework\spring-core\6.1.5\spring-core-6.1.5.jar;C:\Users\B294LQ\.m2\repository\org\springframework\spring-jcl\6.1.5\spring-jcl-6.1.5.jar;C:\Users\B294LQ\.m2\repository\org\springframework\spring-test\6.1.5\spring-test-6.1.5.jar;C:\Users\B294LQ\.m2\repository\org\xmlunit\xmlunit-core\2.9.1\xmlunit-core-2.9.1.jar;C:\Users\B294LQ\.m2\repository\org\springframework\boot\spring-boot-starter-data-jpa\3.2.4\spring-boot-starter-data-jpa-3.2.4.jar;C:\Users\B294LQ\.m2\repository\org\springframework\boot\spring-boot-starter-aop\3.2.4\spring-boot-starter-aop-3.2.4.jar;C:\Users\B294LQ\.m2\repository\org\aspectj\aspectjweaver\1.9.21\aspectjweaver-1.9.21.jar;C:\Users\B294LQ\.m2\repository\org\springframework\boot\spring-boot-starter-jdbc\3.2.4\spring-boot-starter-jdbc-3.2.4.jar;C:\Users\B294LQ\.m2\repository\com\zaxxer\HikariCP\5.0.1\HikariCP-5.0.1.jar;C:\Users\B294LQ\.m2\repository\org\springframework\spring-jdbc\6.1.5\spring-jdbc-6.1.5.jar;C:\Users\B294LQ\.m2\repository\org\hibernate\orm\hibernate-core\6.4.4.Final\hibernate-core-6.4.4.Final.jar;C:\Users\B294LQ\.m2\repository\jakarta\persistence\jakarta.persistence-api\3.1.0\jakarta.persistence-api-3.1.0.jar;C:\Users\B294LQ\.m2\repository\jakarta\transaction\jakarta.transaction-api\2.0.1\jakarta.transaction-api-2.0.1.jar;C:\Users\B294LQ\.m2\repository\org\jboss\logging\jboss-logging\3.5.3.Final\jboss-logging-3.5.3.Final.jar;C:\Users\B294LQ\.m2\repository\org\hibernate\common\hibernate-commons-annotations\6.0.6.Final\hibernate-commons-annotations-6.0.6.Final.jar;C:\Users\B294LQ\.m2\repository\io\smallrye\jandex\3.1.2\jandex-3.1.2.jar;C:\Users\B294LQ\.m2\repository\com\fasterxml\classmate\1.6.0\classmate-1.6.0.jar;C:\Users\B294LQ\.m2\repository\org\glassfish\jaxb\jaxb-runtime\4.0.5\jaxb-runtime-4.0.5.jar;C:\Users\B294LQ\.m2\repository\org\glassfish\jaxb\jaxb-core\4.0.5\jaxb-core-4.0.5.jar;C:\Users\B294LQ\.m2\repository\org\eclipse\angus\angus-activation\2.0.2\angus-activation-2.0.2.jar;C:\Users\B294LQ\.m2\repository\org\glassfish\jaxb\txw2\4.0.5\txw2-4.0.5.jar;C:\Users\B294LQ\.m2\repository\com\sun\istack\istack-commons-runtime\4.1.2\istack-commons-runtime-4.1.2.jar;C:\Users\B294LQ\.m2\repository\jakarta\inject\jakarta.inject-api\2.0.1\jakarta.inject-api-2.0.1.jar;C:\Users\B294LQ\.m2\repository\org\antlr\antlr4-runtime\4.13.0\antlr4-runtime-4.13.0.jar;C:\Users\B294LQ\.m2\repository\org\springframework\data\spring-data-jpa\3.2.4\spring-data-jpa-3.2.4.jar;C:\Users\B294LQ\.m2\repository\org\springframework\data\spring-data-commons\3.2.4\spring-data-commons-3.2.4.jar;C:\Users\B294LQ\.m2\repository\org\springframework\spring-orm\6.1.5\spring-orm-6.1.5.jar;C:\Users\B294LQ\.m2\repository\org\springframework\spring-context\6.1.5\spring-context-6.1.5.jar;C:\Users\B294LQ\.m2\repository\org\springframework\spring-tx\6.1.5\spring-tx-6.1.5.jar;C:\Users\B294LQ\.m2\repository\org\springframework\spring-beans\6.1.5\spring-beans-6.1.5.jar;C:\Users\B294LQ\.m2\repository\org\springframework\spring-aspects\6.1.5\spring-aspects-6.1.5.jar;C:\Users\B294LQ\.m2\repository\org\springframework\boot\spring-boot-starter-web\3.2.4\spring-boot-starter-web-3.2.4.jar;C:\Users\B294LQ\.m2\repository\org\springframework\boot\spring-boot-starter-json\3.2.4\spring-boot-starter-json-3.2.4.jar;C:\Users\B294LQ\.m2\repository\com\fasterxml\jackson\core\jackson-databind\2.15.4\jackson-databind-2.15.4.jar;C:\Users\B294LQ\.m2\repository\com\fasterxml\jackson\core\jackson-annotations\2.15.4\jackson-annotations-2.15.4.jar;C:\Users\B294LQ\.m2\repository\com\fasterxml\jackson\core\jackson-core\2.15.4\jackson-core-2.15.4.jar;C:\Users\B294LQ\.m2\repository\com\fasterxml\jackson\datatype\jackson-datatype-jdk8\2.15.4\jackson-datatype-jdk8-2.15.4.jar;C:\Users\B294LQ\.m2\repository\com\fasterxml\jackson\datatype\jackson-datatype-jsr310\2.15.4\jackson-datatype-jsr310-2.15.4.jar;C:\Users\B294LQ\.m2\repository\com\fasterxml\jackson\module\jackson-module-parameter-names\2.15.4\jackson-module-parameter-names-2.15.4.jar;C:\Users\B294LQ\.m2\repository\org\springframework\boot\spring-boot-starter-tomcat\3.2.4\spring-boot-starter-tomcat-3.2.4.jar;C:\Users\B294LQ\.m2\repository\org\apache\tomcat\embed\tomcat-embed-core\10.1.19\tomcat-embed-core-10.1.19.jar;C:\Users\B294LQ\.m2\repository\org\apache\tomcat\embed\tomcat-embed-websocket\10.1.19\tomcat-embed-websocket-10.1.19.jar;C:\Users\B294LQ\.m2\repository\org\springframework\spring-web\6.1.5\spring-web-6.1.5.jar;C:\Users\B294LQ\.m2\repository\io\micrometer\micrometer-observation\1.12.4\micrometer-observation-1.12.4.jar;C:\Users\B294LQ\.m2\repository\io\micrometer\micrometer-commons\1.12.4\micrometer-commons-1.12.4.jar;C:\Users\B294LQ\.m2\repository\org\springframework\spring-webmvc\6.1.5\spring-webmvc-6.1.5.jar;C:\Users\B294LQ\.m2\repository\org\springframework\spring-expression\6.1.5\spring-expression-6.1.5.jar;C:\Users\B294LQ\.m2\repository\org\springframework\boot\spring-boot-starter-thymeleaf\3.2.4\spring-boot-starter-thymeleaf-3.2.4.jar;C:\Users\B294LQ\.m2\repository\org\thymeleaf\thymeleaf-spring6\3.1.2.RELEASE\thymeleaf-spring6-3.1.2.RELEASE.jar;C:\Users\B294LQ\.m2\repository\org\thymeleaf\thymeleaf\3.1.2.RELEASE\thymeleaf-3.1.2.RELEASE.jar;C:\Users\B294LQ\.m2\repository\org\attoparser\attoparser\2.0.7.RELEASE\attoparser-2.0.7.RELEASE.jar;C:\Users\B294LQ\.m2\repository\org\unbescape\unbescape\1.1.6.RELEASE\unbescape-1.1.6.RELEASE.jar;C:\Users\B294LQ\.m2\repository\org\springframework\boot\spring-boot-starter-security\3.2.4\spring-boot-starter-security-3.2.4.jar;C:\Users\B294LQ\.m2\repository\org\springframework\spring-aop\6.1.5\spring-aop-6.1.5.jar;C:\Users\B294LQ\.m2\repository\org\springframework\security\spring-security-config\6.2.3\spring-security-config-6.2.3.jar;C:\Users\B294LQ\.m2\repository\org\springframework\security\spring-security-core\6.2.3\spring-security-core-6.2.3.jar;C:\Users\B294LQ\.m2\repository\org\springframework\security\spring-security-crypto\6.2.3\spring-security-crypto-6.2.3.jar;C:\Users\B294LQ\.m2\repository\org\springframework\security\spring-security-web\6.2.3\spring-security-web-6.2.3.jar;C:\Users\B294LQ\.m2\repository\org\springframework\boot\spring-boot-starter-validation\3.2.4\spring-boot-starter-validation-3.2.4.jar;C:\Users\B294LQ\.m2\repository\org\apache\tomcat\embed\tomcat-embed-el\10.1.19\tomcat-embed-el-10.1.19.jar;C:\Users\B294LQ\.m2\repository\org\hibernate\validator\hibernate-validator\8.0.1.Final\hibernate-validator-8.0.1.Final.jar;C:\Users\B294LQ\.m2\repository\jakarta\validation\jakarta.validation-api\3.0.2\jakarta.validation-api-3.0.2.jar;C:\Users\B294LQ\.m2\repository\org\springframework\boot\spring-boot-devtools\3.2.4\spring-boot-devtools-3.2.4.jar;C:\Users\B294LQ\.m2\repository\org\springframework\boot\spring-boot\3.2.4\spring-boot-3.2.4.jar;C:\Users\B294LQ\.m2\repository\org\springframework\boot\spring-boot-autoconfigure\3.2.4\spring-boot-autoconfigure-3.2.4.jar;C:\Users\B294LQ\.m2\repository\com\mysql\mysql-connector-j\8.3.0\mysql-connector-j-8.3.0.jar;C:\Users\B294LQ\.m2\repository\junit\junit\4.13.2\junit-4.13.2.jar;C:\Users\B294LQ\.m2\repository\org\hamcrest\hamcrest-core\2.2\hamcrest-core-2.2.jar;"/>
    <property name="sun.cpu.endian" value="little"/>
    <property name="user.home" value="C:\Users\B294LQ"/>
    <property name="user.language" value="fr"/>
    <property name="java.specification.vendor" value="Oracle Corporation"/>
    <property name="java.version.date" value="2023-10-17"/>
    <property name="java.home" value="C:\Program Files\Eclipse Adoptium\jdk-21.0.1.12-hotspot"/>
    <property name="file.separator" value="\"/>
    <property name="basedir" value="C:\Users\B294LQ\OneDrive - AXA\Desktop\Formation Java\Projet 7\PCS-PM\Poseidon-PM"/>
    <property name="java.vm.compressedOopsMode" value="Zero based"/>
    <property name="line.separator" value="&#10;"/>
    <property name="java.vm.specification.vendor" value="Oracle Corporation"/>
    <property name="java.specification.name" value="Java Platform API Specification"/>
    <property name="FILE_LOG_CHARSET" value="UTF-8"/>
    <property name="java.awt.headless" value="true"/>
    <property name="surefire.real.class.path" value="C:\Users\B294LQ\AppData\Local\Temp\surefire6650530737123212622\surefirebooter-20240408214322416_3.jar"/>
    <property name="user.script" value=""/>
    <property name="sun.management.compiler" value="HotSpot 64-Bit Tiered Compilers"/>
    <property name="java.runtime.version" value="21.0.1+12-LTS"/>
    <property name="user.name" value="B294LQ"/>
    <property name="stdout.encoding" value="Cp1252"/>
    <property name="path.separator" value=";"/>
    <property name="os.version" value="10.0"/>
    <property name="java.runtime.name" value="OpenJDK Runtime Environment"/>
    <property name="file.encoding" value="UTF-8"/>
    <property name="java.vm.name" value="OpenJDK 64-Bit Server VM"/>
    <property name="java.vendor.version" value="Temurin-21.0.1+12"/>
    <property name="localRepository" value="C:\Users\B294LQ\.m2\repository"/>
    <property name="java.vendor.url.bug" value="https://github.com/adoptium/adoptium-support/issues"/>
    <property name="java.io.tmpdir" value="C:\Users\B294LQ\AppData\Local\Temp\"/>
    <property name="idea.version" value="2023.3.2"/>
    <property name="com.zaxxer.hikari.pool_number" value="1"/>
    <property name="java.version" value="21.0.1"/>
    <property name="user.dir" value="C:\Users\B294LQ\OneDrive - AXA\Desktop\Formation Java\Projet 7\PCS-PM\Poseidon-PM"/>
    <property name="os.arch" value="amd64"/>
    <property name="java.vm.specification.name" value="Java Virtual Machine Specification"/>
    <property name="PID" value="5404"/>
    <property name="sun.os.patch.level" value=""/>
    <property name="CONSOLE_LOG_CHARSET" value="UTF-8"/>
    <property name="native.encoding" value="Cp1252"/>
    <property name="java.library.path" value="C:\Program Files\Eclipse Adoptium\jdk-21.0.1.12-hotspot\bin;C:\Windows\Sun\Java\bin;C:\Windows\system32;C:\Windows;C:\Program Files\IcedTeaWeb\WebStart\bin;C:\Program Files\Eclipse Adoptium\jdk-21.0.1.12-hotspot\bin;C:\Windows\system32;C:\Windows;C:\Windows\System32\Wbem;C:\Windows\System32\WindowsPowerShell\v1.0\;C:\Windows\System32\OpenSSH\;C:\Program Files\dotnet\;C:\Program Files\Git\cmd;C:\Program Files\Docker\Docker\resources\bin;C:\Program Files\apache-maven-3.9.4\bin;%JAVA_HOME%\bin;C:\Program Files\nodejs\;C:\Program Files (x86)\RedHat\java-1.8.0-openjdk-1.8.0.362-1\bin;C:\Program Files (x86)\RedHat\java-1.8.0-openjdk-1.8.0.362-1\jre\bin;C:\Users\B294LQ\AppData\Local\Microsoft\WindowsApps;C:\Users\B294LQ\.dotnet\tools;C:\Users\B294LQ\AppData\Roaming\npm;."/>
    <property name="java.vm.info" value="mixed mode, sharing"/>
    <property name="stderr.encoding" value="Cp1252"/>
    <property name="java.vendor" value="Eclipse Adoptium"/>
    <property name="java.vm.version" value="21.0.1+12-LTS"/>
    <property name="sun.io.unicode.encoding" value="UnicodeLittle"/>
    <property name="java.class.version" value="65.0"/>
  </properties>
  <testcase name="curvePointTest" classname="com.phildev.pcs.CurvePointTests" time="1.375">
    <system-out><![CDATA[21:43:25.590 [main] INFO org.springframework.test.context.support.AnnotationConfigContextLoaderUtils -- Could not detect default configuration classes for test class [com.phildev.pcs.CurvePointTests]: CurvePointTests does not declare any static, non-private, non-final, nested classes annotated with @Configuration.
21:43:26.039 [main] INFO org.springframework.boot.test.context.SpringBootTestContextBootstrapper -- Found @SpringBootConfiguration com.phildev.pcs.Application for test class com.phildev.pcs.CurvePointTests
21:43:26.799 [main] INFO org.springframework.boot.devtools.restart.RestartApplicationListener -- Restart disabled due to context in which it is running

  .   ____          _            __ _ _
 /\\ / ___'_ __ _ _(_)_ __  __ _ \ \ \ \
( ( )\___ | '_ | '_| | '_ \/ _` | \ \ \ \
 \\/  ___)| |_)| | | | | || (_| |  ) ) ) )
  '  |____| .__|_| |_|_| |_\__, | / / / /
 =========|_|==============|___/=/_/_/_/
 :: Spring Boot ::                (v3.2.4)

2024-04-08T21:43:27.788+02:00  INFO 5404 --- [           main] com.phildev.pcs.CurvePointTests          : Starting CurvePointTests using Java 21.0.1 with PID 5404 (started by B294LQ in C:\Users\B294LQ\OneDrive - AXA\Desktop\Formation Java\Projet 7\PCS-PM\Poseidon-PM)
2024-04-08T21:43:27.792+02:00  INFO 5404 --- [           main] com.phildev.pcs.CurvePointTests          : No active profile set, falling back to 1 default profile: "default"
2024-04-08T21:43:30.385+02:00  INFO 5404 --- [           main] .s.d.r.c.RepositoryConfigurationDelegate : Bootstrapping Spring Data JPA repositories in DEFAULT mode.
2024-04-08T21:43:30.533+02:00  INFO 5404 --- [           main] .s.d.r.c.RepositoryConfigurationDelegate : Finished Spring Data repository scanning in 128 ms. Found 6 JPA repository interfaces.
2024-04-08T21:43:31.901+02:00  INFO 5404 --- [           main] o.hibernate.jpa.internal.util.LogHelper  : HHH000204: Processing PersistenceUnitInfo [name: default]
2024-04-08T21:43:32.142+02:00  INFO 5404 --- [           main] org.hibernate.Version                    : HHH000412: Hibernate ORM core version 6.4.4.Final
2024-04-08T21:43:32.277+02:00  INFO 5404 --- [           main] o.h.c.internal.RegionFactoryInitiator    : HHH000026: Second-level cache disabled
2024-04-08T21:43:33.031+02:00  INFO 5404 --- [           main] o.s.o.j.p.SpringPersistenceUnitInfo      : No LoadTimeWeaver setup: ignoring JPA class transformer
2024-04-08T21:43:33.111+02:00  INFO 5404 --- [           main] com.zaxxer.hikari.HikariDataSource       : HikariPool-1 - Starting...
2024-04-08T21:43:33.877+02:00  INFO 5404 --- [           main] com.zaxxer.hikari.pool.HikariPool        : HikariPool-1 - Added connection com.mysql.cj.jdbc.ConnectionImpl@67feb5d0
2024-04-08T21:43:33.885+02:00  INFO 5404 --- [           main] com.zaxxer.hikari.HikariDataSource       : HikariPool-1 - Start completed.
2024-04-08T21:43:36.514+02:00  INFO 5404 --- [           main] o.h.e.t.j.p.i.JtaPlatformInitiator       : HHH000489: No JTA platform available (set 'hibernate.transaction.jta.platform' to enable JTA platform integration)
Hibernate: drop table if exists bidlist
Hibernate: drop table if exists curvepoint
Hibernate: drop table if exists rating
Hibernate: drop table if exists rulename
Hibernate: drop table if exists trade
Hibernate: drop table if exists users
Hibernate: create table bidlist (ask float(53), ask_quantity float(53), bid float(53), bid_list_id integer not null auto_increment, bid_quantity float(53), revision_date time(6), bid_list_date datetime(6), creation_date datetime(6), account varchar(255), benchmark varchar(255), book varchar(255), commentary varchar(255), creation_name varchar(255), deal_name varchar(255), deal_type varchar(255), revision_name varchar(255), security varchar(255), side varchar(255), source_list_id varchar(255), status varchar(255), trader varchar(255), type varchar(255), primary key (bid_list_id)) engine=InnoDB
Hibernate: create table curvepoint (curve_id integer, id integer not null auto_increment, term float(53), value float(53), as_of_date datetime(6), creation_date datetime(6), primary key (id)) engine=InnoDB
Hibernate: create table rating (id integer not null auto_increment, order_number integer not null, fitch_rating varchar(255), moodys_rating varchar(255), sandprating varchar(255), primary key (id)) engine=InnoDB
Hibernate: create table rulename (id integer not null auto_increment, description varchar(255), json varchar(255), name varchar(255), sql_part varchar(255), sql_str varchar(255), template varchar(255), primary key (id)) engine=InnoDB
Hibernate: create table trade (buy_price float(53), buy_quantity float(53), sell_price float(53), sell_quantity float(53), trade_id integer not null auto_increment, creation_date datetime(6), revision_date datetime(6), trade_date datetime(6), account varchar(255), benchmark varchar(255), book varchar(255), creation_name varchar(255), deal_name varchar(255), deal_type varchar(255), revision_name varchar(255), security varchar(255), side varchar(255), source_list_id varchar(255), status varchar(255), trader varchar(255), type varchar(255), primary key (trade_id)) engine=InnoDB
Hibernate: create table users (id integer not null auto_increment, fullname varchar(255), password varchar(255), role varchar(255), username varchar(255), primary key (id)) engine=InnoDB
2024-04-08T21:43:36.749+02:00  INFO 5404 --- [           main] j.LocalContainerEntityManagerFactoryBean : Initialized JPA EntityManagerFactory for persistence unit 'default'
2024-04-08T21:43:37.487+02:00  WARN 5404 --- [           main] JpaBaseConfiguration$JpaWebConfiguration : spring.jpa.open-in-view is enabled by default. Therefore, database queries may be performed during view rendering. Explicitly configure spring.jpa.open-in-view to disable this warning
2024-04-08T21:43:38.175+02:00  INFO 5404 --- [           main] o.s.s.web.DefaultSecurityFilterChain     : Will secure any request with [org.springframework.security.web.session.DisableEncodeUrlFilter@71e393a2, org.springframework.security.web.context.request.async.WebAsyncManagerIntegrationFilter@424159f, org.springframework.security.web.context.SecurityContextHolderFilter@5db93afa, org.springframework.security.web.header.HeaderWriterFilter@4868a657, org.springframework.web.filter.CorsFilter@7fd8b289, org.springframework.security.web.csrf.CsrfFilter@498055a9, org.springframework.security.web.authentication.logout.LogoutFilter@e5d4db4, org.springframework.security.web.authentication.UsernamePasswordAuthenticationFilter@67488c90, org.springframework.security.web.session.ConcurrentSessionFilter@1501b99a, org.springframework.security.web.savedrequest.RequestCacheAwareFilter@7f761f3c, org.springframework.security.web.servletapi.SecurityContextHolderAwareRequestFilter@2be1f991, org.springframework.security.web.authentication.AnonymousAuthenticationFilter@40c65f8d, org.springframework.security.web.session.SessionManagementFilter@a1dbbf4, org.springframework.security.web.access.ExceptionTranslationFilter@3e12ea7f, org.springframework.security.web.access.intercept.AuthorizationFilter@68af530a]
2024-04-08T21:43:38.187+02:00  WARN 5404 --- [           main] o.s.s.c.a.web.builders.WebSecurity       : You are asking Spring Security to ignore Ant [pattern='/css/**']. This is not recommended -- please use permitAll via HttpSecurity#authorizeHttpRequests instead.
2024-04-08T21:43:38.187+02:00  INFO 5404 --- [           main] o.s.s.web.DefaultSecurityFilterChain     : Will not secure Ant [pattern='/css/**']
2024-04-08T21:43:38.188+02:00  WARN 5404 --- [           main] o.s.s.c.a.web.builders.WebSecurity       : You are asking Spring Security to ignore Ant [pattern='/images/**']. This is not recommended -- please use permitAll via HttpSecurity#authorizeHttpRequests instead.
2024-04-08T21:43:38.188+02:00  INFO 5404 --- [           main] o.s.s.web.DefaultSecurityFilterChain     : Will not secure Ant [pattern='/images/**']
2024-04-08T21:43:38.188+02:00  WARN 5404 --- [           main] o.s.s.c.a.web.builders.WebSecurity       : You are asking Spring Security to ignore Ant [pattern='/js/**']. This is not recommended -- please use permitAll via HttpSecurity#authorizeHttpRequests instead.
2024-04-08T21:43:38.188+02:00  INFO 5404 --- [           main] o.s.s.web.DefaultSecurityFilterChain     : Will not secure Ant [pattern='/js/**']
2024-04-08T21:43:39.108+02:00  INFO 5404 --- [           main] com.phildev.pcs.CurvePointTests          : Started CurvePointTests in 12.357 seconds (process running for 16.319)
Hibernate: insert into curvepoint (curve_id,as_of_date,creation_date,term,value) values (?,?,?,?,?)
Hibernate: select cp1_0.id,cp1_0.curve_id,cp1_0.as_of_date,cp1_0.creation_date,cp1_0.term,cp1_0.value from curvepoint cp1_0 where cp1_0.id=?
Hibernate: update curvepoint set curve_id=?,as_of_date=?,creation_date=?,term=?,value=? where id=?
Hibernate: select cp1_0.id,cp1_0.curve_id,cp1_0.as_of_date,cp1_0.creation_date,cp1_0.term,cp1_0.value from curvepoint cp1_0
Hibernate: select cp1_0.id,cp1_0.curve_id,cp1_0.as_of_date,cp1_0.creation_date,cp1_0.term,cp1_0.value from curvepoint cp1_0 where cp1_0.id=?
Hibernate: delete from curvepoint where id=?
Hibernate: select cp1_0.id,cp1_0.curve_id,cp1_0.as_of_date,cp1_0.creation_date,cp1_0.term,cp1_0.value from curvepoint cp1_0 where cp1_0.id=?
]]></system-out>
    <system-err><![CDATA[WARNING: A Java agent has been loaded dynamically (C:\Users\B294LQ\.m2\repository\net\bytebuddy\byte-buddy-agent\1.14.12\byte-buddy-agent-1.14.12.jar)
WARNING: If a serviceability tool is in use, please run with -XX:+EnableDynamicAgentLoading to hide this warning
WARNING: If a serviceability tool is not in use, please run with -Djdk.instrument.traceUsage for more information
WARNING: Dynamic loading of agents will be disallowed by default in a future release
]]></system-err>
  </testcase>
</testsuite>